{"C:\\Users\\Michael.OConnor\\source\\repos\\Cursor Test\\my-test-app\\src\\App.tsx": {"path":"C:\\Users\\Michael.OConnor\\source\\repos\\Cursor Test\\my-test-app\\src\\App.tsx","statementMap":{"0":{"start":{"line":1,"column":0},"end":{"line":1,"column":64}},"1":{"start":{"line":2,"column":0},"end":{"line":2,"column":36}},"2":{"start":{"line":3,"column":0},"end":{"line":3,"column":31}},"3":{"start":{"line":4,"column":0},"end":{"line":4,"column":84}},"4":{"start":{"line":5,"column":0},"end":{"line":5,"column":43}},"5":{"start":{"line":6,"column":0},"end":{"line":6,"column":45}},"6":{"start":{"line":8,"column":0},"end":{"line":8,"column":56}},"7":{"start":{"line":9,"column":0},"end":{"line":9,"column":44}},"8":{"start":{"line":10,"column":0},"end":{"line":10,"column":50}},"9":{"start":{"line":13,"column":0},"end":{"line":13,"column":48}},"10":{"start":{"line":23,"column":35},"end":{"line":28,"column":2}},"11":{"start":{"line":74,"column":30},"end":{"line":74,"column":66}},"12":{"start":{"line":77,"column":44},"end":{"line":77,"column":64}},"13":{"start":{"line":78,"column":27},"end":{"line":78,"column":39}},"14":{"start":{"line":79,"column":34},"end":{"line":79,"column":51}},"15":{"start":{"line":82,"column":46},"end":{"line":82,"column":75}},"16":{"start":{"line":83,"column":38},"end":{"line":83,"column":53}},"17":{"start":{"line":86,"column":48},"end":{"line":86,"column":92}},"18":{"start":{"line":87,"column":50},"end":{"line":87,"column":69}},"19":{"start":{"line":88,"column":36},"end":{"line":88,"column":73}},"20":{"start":{"line":89,"column":64},"end":{"line":89,"column":116}},"21":{"start":{"line":90,"column":56},"end":{"line":94,"column":19}},"22":{"start":{"line":97,"column":42},"end":{"line":97,"column":79}},"23":{"start":{"line":100,"column":28},"end":{"line":100,"column":47}},"24":{"start":{"line":103,"column":32},"end":{"line":103,"column":53}},"25":{"start":{"line":106,"column":46},"end":{"line":106,"column":74}},"26":{"start":{"line":109,"column":42},"end":{"line":109,"column":68}},"27":{"start":{"line":111,"column":19},"end":{"line":114,"column":6}},"28":{"start":{"line":118,"column":27},"end":{"line":120,"column":5}},"29":{"start":{"line":119,"column":8},"end":{"line":119,"column":78}},"30":{"start":{"line":122,"column":31},"end":{"line":124,"column":5}},"31":{"start":{"line":123,"column":8},"end":{"line":123,"column":73}},"32":{"start":{"line":127,"column":33},"end":{"line":143,"column":5}},"33":{"start":{"line":128,"column":28},"end":{"line":128,"column":56}},"34":{"start":{"line":129,"column":25},"end":{"line":129,"column":57}},"35":{"start":{"line":130,"column":21},"end":{"line":130,"column":23}},"36":{"start":{"line":133,"column":8},"end":{"line":135,"column":9}},"37":{"start":{"line":133,"column":21},"end":{"line":133,"column":22}},"38":{"start":{"line":134,"column":12},"end":{"line":134,"column":28}},"39":{"start":{"line":138,"column":8},"end":{"line":140,"column":9}},"40":{"start":{"line":138,"column":21},"end":{"line":138,"column":22}},"41":{"start":{"line":139,"column":12},"end":{"line":139,"column":25}},"42":{"start":{"line":142,"column":8},"end":{"line":142,"column":20}},"43":{"start":{"line":146,"column":28},"end":{"line":148,"column":5}},"44":{"start":{"line":147,"column":8},"end":{"line":147,"column":92}},"45":{"start":{"line":151,"column":35},"end":{"line":177,"column":5}},"46":{"start":{"line":152,"column":32},"end":{"line":152,"column":34}},"47":{"start":{"line":153,"column":22},"end":{"line":153,"column":55}},"48":{"start":{"line":154,"column":20},"end":{"line":154,"column":21}},"49":{"start":{"line":157,"column":8},"end":{"line":157,"column":30}},"50":{"start":{"line":158,"column":8},"end":{"line":158,"column":16}},"51":{"start":{"line":161,"column":8},"end":{"line":175,"column":9}},"52":{"start":{"line":162,"column":12},"end":{"line":172,"column":13}},"53":{"start":{"line":164,"column":20},"end":{"line":164,"column":59}},"54":{"start":{"line":165,"column":20},"end":{"line":165,"column":26}},"55":{"start":{"line":167,"column":20},"end":{"line":167,"column":59}},"56":{"start":{"line":168,"column":20},"end":{"line":168,"column":26}},"57":{"start":{"line":170,"column":20},"end":{"line":170,"column":61}},"58":{"start":{"line":171,"column":20},"end":{"line":171,"column":26}},"59":{"start":{"line":173,"column":12},"end":{"line":173,"column":60}},"60":{"start":{"line":174,"column":12},"end":{"line":174,"column":20}},"61":{"start":{"line":176,"column":8},"end":{"line":176,"column":21}},"62":{"start":{"line":180,"column":24},"end":{"line":205,"column":5}},"63":{"start":{"line":181,"column":8},"end":{"line":204,"column":9}},"64":{"start":{"line":182,"column":36},"end":{"line":185,"column":58}},"65":{"start":{"line":187,"column":12},"end":{"line":190,"column":13}},"66":{"start":{"line":188,"column":16},"end":{"line":188,"column":63}},"67":{"start":{"line":189,"column":16},"end":{"line":189,"column":23}},"68":{"start":{"line":192,"column":12},"end":{"line":192,"column":34}},"69":{"start":{"line":193,"column":12},"end":{"line":193,"column":48}},"70":{"start":{"line":196,"column":12},"end":{"line":201,"column":13}},"71":{"start":{"line":197,"column":41},"end":{"line":197,"column":91}},"72":{"start":{"line":197,"column":61},"end":{"line":197,"column":90}},"73":{"start":{"line":198,"column":16},"end":{"line":200,"column":17}},"74":{"start":{"line":199,"column":20},"end":{"line":199,"column":43}},"75":{"start":{"line":203,"column":12},"end":{"line":203,"column":56}},"76":{"start":{"line":208,"column":4},"end":{"line":234,"column":11}},"77":{"start":{"line":211,"column":57},"end":{"line":213,"column":28}},"78":{"start":{"line":215,"column":12},"end":{"line":227,"column":13}},"79":{"start":{"line":216,"column":16},"end":{"line":216,"column":65}},"80":{"start":{"line":217,"column":19},"end":{"line":227,"column":13}},"81":{"start":{"line":219,"column":39},"end":{"line":222,"column":19}},"82":{"start":{"line":219,"column":69},"end":{"line":222,"column":18}},"83":{"start":{"line":223,"column":16},"end":{"line":223,"column":40}},"84":{"start":{"line":224,"column":16},"end":{"line":226,"column":17}},"85":{"start":{"line":225,"column":20},"end":{"line":225,"column":54}},"86":{"start":{"line":230,"column":12},"end":{"line":230,"column":32}},"87":{"start":{"line":233,"column":8},"end":{"line":233,"column":20}},"88":{"start":{"line":237,"column":26},"end":{"line":420,"column":118}},"89":{"start":{"line":238,"column":8},"end":{"line":238,"column":31}},"90":{"start":{"line":239,"column":8},"end":{"line":242,"column":9}},"91":{"start":{"line":240,"column":12},"end":{"line":240,"column":84}},"92":{"start":{"line":241,"column":12},"end":{"line":241,"column":19}},"93":{"start":{"line":244,"column":8},"end":{"line":249,"column":11}},"94":{"start":{"line":252,"column":40},"end":{"line":252,"column":81}},"95":{"start":{"line":254,"column":8},"end":{"line":419,"column":9}},"96":{"start":{"line":256,"column":12},"end":{"line":272,"column":15}},"97":{"start":{"line":257,"column":33},"end":{"line":257,"column":49}},"98":{"start":{"line":258,"column":16},"end":{"line":270,"column":19}},"99":{"start":{"line":259,"column":20},"end":{"line":269,"column":22}},"100":{"start":{"line":260,"column":24},"end":{"line":268,"column":34}},"101":{"start":{"line":271,"column":16},"end":{"line":271,"column":32}},"102":{"start":{"line":275,"column":62},"end":{"line":278,"column":25}},"103":{"start":{"line":280,"column":30},"end":{"line":280,"column":42}},"104":{"start":{"line":281,"column":34},"end":{"line":281,"column":71}},"105":{"start":{"line":283,"column":59},"end":{"line":292,"column":14}},"106":{"start":{"line":295,"column":44},"end":{"line":369,"column":13}},"107":{"start":{"line":296,"column":16},"end":{"line":368,"column":17}},"108":{"start":{"line":298,"column":50},"end":{"line":302,"column":33}},"109":{"start":{"line":304,"column":35},"end":{"line":304,"column":100}},"110":{"start":{"line":305,"column":20},"end":{"line":305,"column":59}},"111":{"start":{"line":308,"column":58},"end":{"line":313,"column":59}},"112":{"start":{"line":315,"column":20},"end":{"line":318,"column":21}},"113":{"start":{"line":316,"column":24},"end":{"line":316,"column":90}},"114":{"start":{"line":317,"column":24},"end":{"line":317,"column":31}},"115":{"start":{"line":321,"column":41},"end":{"line":327,"column":22}},"116":{"start":{"line":329,"column":20},"end":{"line":329,"column":77}},"117":{"start":{"line":331,"column":44},"end":{"line":334,"column":33}},"118":{"start":{"line":336,"column":20},"end":{"line":361,"column":21}},"119":{"start":{"line":337,"column":24},"end":{"line":337,"column":75}},"120":{"start":{"line":339,"column":24},"end":{"line":358,"column":25}},"121":{"start":{"line":340,"column":28},"end":{"line":340,"column":118}},"122":{"start":{"line":343,"column":75},"end":{"line":351,"column":41}},"123":{"start":{"line":353,"column":28},"end":{"line":355,"column":29}},"124":{"start":{"line":354,"column":32},"end":{"line":354,"column":49}},"125":{"start":{"line":357,"column":28},"end":{"line":357,"column":45}},"126":{"start":{"line":360,"column":24},"end":{"line":360,"column":36}},"127":{"start":{"line":363,"column":20},"end":{"line":363,"column":32}},"128":{"start":{"line":365,"column":20},"end":{"line":365,"column":60}},"129":{"start":{"line":366,"column":20},"end":{"line":366,"column":109}},"130":{"start":{"line":367,"column":20},"end":{"line":367,"column":32}},"131":{"start":{"line":372,"column":12},"end":{"line":418,"column":15}},"132":{"start":{"line":373,"column":16},"end":{"line":373,"column":34}},"133":{"start":{"line":373,"column":27},"end":{"line":373,"column":34}},"134":{"start":{"line":375,"column":16},"end":{"line":375,"column":73}},"135":{"start":{"line":378,"column":16},"end":{"line":413,"column":17}},"136":{"start":{"line":379,"column":34},"end":{"line":381,"column":null}},"137":{"start":{"line":384,"column":20},"end":{"line":398,"column":23}},"138":{"start":{"line":385,"column":41},"end":{"line":385,"column":57}},"139":{"start":{"line":386,"column":24},"end":{"line":396,"column":27}},"140":{"start":{"line":387,"column":47},"end":{"line":387,"column":76}},"141":{"start":{"line":388,"column":47},"end":{"line":393,"column":30}},"142":{"start":{"line":394,"column":28},"end":{"line":394,"column":91}},"143":{"start":{"line":395,"column":28},"end":{"line":395,"column":55}},"144":{"start":{"line":397,"column":24},"end":{"line":397,"column":40}},"145":{"start":{"line":400,"column":39},"end":{"line":400,"column":63}},"146":{"start":{"line":401,"column":39},"end":{"line":405,"column":22}},"147":{"start":{"line":407,"column":20},"end":{"line":410,"column":24}},"148":{"start":{"line":407,"column":43},"end":{"line":410,"column":22}},"149":{"start":{"line":412,"column":20},"end":{"line":412,"column":47}},"150":{"start":{"line":416,"column":16},"end":{"line":416,"column":39}},"151":{"start":{"line":417,"column":16},"end":{"line":417,"column":54}},"152":{"start":{"line":422,"column":29},"end":{"line":516,"column":5}},"153":{"start":{"line":424,"column":40},"end":{"line":424,"column":44}},"154":{"start":{"line":427,"column":8},"end":{"line":431,"column":11}},"155":{"start":{"line":428,"column":12},"end":{"line":430,"column":13}},"156":{"start":{"line":429,"column":16},"end":{"line":429,"column":36}},"157":{"start":{"line":433,"column":8},"end":{"line":490,"column":9}},"158":{"start":{"line":435,"column":39},"end":{"line":486,"column":13}},"159":{"start":{"line":436,"column":16},"end":{"line":485,"column":17}},"160":{"start":{"line":438,"column":36},"end":{"line":438,"column":71}},"161":{"start":{"line":439,"column":38},"end":{"line":439,"column":50}},"162":{"start":{"line":440,"column":37},"end":{"line":440,"column":49}},"163":{"start":{"line":443,"column":46},"end":{"line":448,"column":33}},"164":{"start":{"line":450,"column":20},"end":{"line":453,"column":21}},"165":{"start":{"line":451,"column":24},"end":{"line":451,"column":82}},"166":{"start":{"line":452,"column":24},"end":{"line":452,"column":31}},"167":{"start":{"line":456,"column":45},"end":{"line":456,"column":78}},"168":{"start":{"line":458,"column":48},"end":{"line":462,"column":33}},"169":{"start":{"line":464,"column":20},"end":{"line":467,"column":21}},"170":{"start":{"line":465,"column":24},"end":{"line":465,"column":81}},"171":{"start":{"line":466,"column":24},"end":{"line":466,"column":31}},"172":{"start":{"line":470,"column":38},"end":{"line":475,"column":67}},"173":{"start":{"line":477,"column":20},"end":{"line":482,"column":21}},"174":{"start":{"line":478,"column":24},"end":{"line":478,"column":83}},"175":{"start":{"line":479,"column":24},"end":{"line":479,"column":88}},"176":{"start":{"line":481,"column":24},"end":{"line":481,"column":79}},"177":{"start":{"line":484,"column":20},"end":{"line":484,"column":71}},"178":{"start":{"line":489,"column":12},"end":{"line":489,"column":33}},"179":{"start":{"line":493,"column":8},"end":{"line":504,"column":11}},"180":{"start":{"line":494,"column":29},"end":{"line":494,"column":45}},"181":{"start":{"line":496,"column":12},"end":{"line":502,"column":15}},"182":{"start":{"line":497,"column":16},"end":{"line":497,"column":83}},"183":{"start":{"line":497,"column":63},"end":{"line":497,"column":81}},"184":{"start":{"line":499,"column":16},"end":{"line":501,"column":17}},"185":{"start":{"line":500,"column":20},"end":{"line":500,"column":42}},"186":{"start":{"line":503,"column":12},"end":{"line":503,"column":28}},"187":{"start":{"line":507,"column":8},"end":{"line":513,"column":9}},"188":{"start":{"line":508,"column":12},"end":{"line":512,"column":15}},"189":{"start":{"line":509,"column":39},"end":{"line":509,"column":50}},"190":{"start":{"line":510,"column":16},"end":{"line":510,"column":46}},"191":{"start":{"line":511,"column":16},"end":{"line":511,"column":38}},"192":{"start":{"line":515,"column":8},"end":{"line":515,"column":36}},"193":{"start":{"line":519,"column":36},"end":{"line":526,"column":5}},"194":{"start":{"line":521,"column":35},"end":{"line":521,"column":74}},"195":{"start":{"line":524,"column":25},"end":{"line":524,"column":52}},"196":{"start":{"line":525,"column":8},"end":{"line":525,"column":76}},"197":{"start":{"line":525,"column":39},"end":{"line":525,"column":74}},"198":{"start":{"line":529,"column":27},"end":{"line":536,"column":5}},"199":{"start":{"line":530,"column":8},"end":{"line":530,"column":27}},"200":{"start":{"line":531,"column":8},"end":{"line":531,"column":34}},"201":{"start":{"line":533,"column":8},"end":{"line":533,"column":30}},"202":{"start":{"line":534,"column":8},"end":{"line":534,"column":33}},"203":{"start":{"line":535,"column":8},"end":{"line":535,"column":109}},"204":{"start":{"line":535,"column":56},"end":{"line":535,"column":87}},"205":{"start":{"line":539,"column":24},"end":{"line":541,"column":5}},"206":{"start":{"line":540,"column":8},"end":{"line":540,"column":99}},"207":{"start":{"line":544,"column":27},"end":{"line":564,"column":5}},"208":{"start":{"line":546,"column":25},"end":{"line":546,"column":91}},"209":{"start":{"line":547,"column":27},"end":{"line":547,"column":63}},"210":{"start":{"line":550,"column":25},"end":{"line":550,"column":52}},"211":{"start":{"line":551,"column":30},"end":{"line":551,"column":82}},"212":{"start":{"line":551,"column":54},"end":{"line":551,"column":81}},"213":{"start":{"line":553,"column":8},"end":{"line":563,"column":10}},"214":{"start":{"line":556,"column":20},"end":{"line":557,"column":null}},"215":{"start":{"line":567,"column":25},"end":{"line":575,"column":5}},"216":{"start":{"line":568,"column":8},"end":{"line":568,"column":31}},"217":{"start":{"line":568,"column":18},"end":{"line":568,"column":31}},"218":{"start":{"line":569,"column":22},"end":{"line":569,"column":32}},"219":{"start":{"line":570,"column":8},"end":{"line":574,"column":10}},"220":{"start":{"line":578,"column":26},"end":{"line":583,"column":5}},"221":{"start":{"line":579,"column":8},"end":{"line":579,"column":41}},"222":{"start":{"line":579,"column":28},"end":{"line":579,"column":41}},"223":{"start":{"line":580,"column":20},"end":{"line":580,"column":30}},"224":{"start":{"line":581,"column":25},"end":{"line":581,"column":68}},"225":{"start":{"line":582,"column":8},"end":{"line":582,"column":30}},"226":{"start":{"line":586,"column":33},"end":{"line":626,"column":5}},"227":{"start":{"line":588,"column":40},"end":{"line":588,"column":44}},"228":{"start":{"line":589,"column":40},"end":{"line":589,"column":44}},"229":{"start":{"line":592,"column":8},"end":{"line":599,"column":11}},"230":{"start":{"line":593,"column":12},"end":{"line":598,"column":15}},"231":{"start":{"line":594,"column":16},"end":{"line":597,"column":17}},"232":{"start":{"line":595,"column":20},"end":{"line":595,"column":40}},"233":{"start":{"line":596,"column":20},"end":{"line":596,"column":38}},"234":{"start":{"line":601,"column":8},"end":{"line":625,"column":9}},"235":{"start":{"line":603,"column":12},"end":{"line":624,"column":15}},"236":{"start":{"line":604,"column":33},"end":{"line":604,"column":49}},"237":{"start":{"line":605,"column":34},"end":{"line":605,"column":93}},"238":{"start":{"line":605,"column":74},"end":{"line":605,"column":92}},"239":{"start":{"line":607,"column":16},"end":{"line":621,"column":17}},"240":{"start":{"line":609,"column":20},"end":{"line":609,"column":71}},"241":{"start":{"line":610,"column":47},"end":{"line":610,"column":90}},"242":{"start":{"line":612,"column":20},"end":{"line":615,"column":22}},"243":{"start":{"line":618,"column":20},"end":{"line":620,"column":21}},"244":{"start":{"line":619,"column":24},"end":{"line":619,"column":89}},"245":{"start":{"line":623,"column":16},"end":{"line":623,"column":32}},"246":{"start":{"line":629,"column":43},"end":{"line":679,"column":5}},"247":{"start":{"line":630,"column":8},"end":{"line":678,"column":9}},"248":{"start":{"line":632,"column":28},"end":{"line":632,"column":54}},"249":{"start":{"line":633,"column":30},"end":{"line":633,"column":40}},"250":{"start":{"line":634,"column":29},"end":{"line":634,"column":39}},"251":{"start":{"line":637,"column":38},"end":{"line":642,"column":25}},"252":{"start":{"line":644,"column":12},"end":{"line":647,"column":13}},"253":{"start":{"line":645,"column":16},"end":{"line":645,"column":74}},"254":{"start":{"line":646,"column":16},"end":{"line":646,"column":23}},"255":{"start":{"line":650,"column":37},"end":{"line":650,"column":61}},"256":{"start":{"line":652,"column":40},"end":{"line":656,"column":25}},"257":{"start":{"line":658,"column":12},"end":{"line":661,"column":13}},"258":{"start":{"line":659,"column":16},"end":{"line":659,"column":73}},"259":{"start":{"line":660,"column":16},"end":{"line":660,"column":23}},"260":{"start":{"line":664,"column":30},"end":{"line":669,"column":50}},"261":{"start":{"line":671,"column":12},"end":{"line":675,"column":13}},"262":{"start":{"line":672,"column":16},"end":{"line":672,"column":84}},"263":{"start":{"line":674,"column":16},"end":{"line":674,"column":80}},"264":{"start":{"line":677,"column":12},"end":{"line":677,"column":75}},"265":{"start":{"line":682,"column":35},"end":{"line":684,"column":5}},"266":{"start":{"line":683,"column":8},"end":{"line":683,"column":66}},"267":{"start":{"line":687,"column":29},"end":{"line":692,"column":5}},"268":{"start":{"line":688,"column":8},"end":{"line":691,"column":12}},"269":{"start":{"line":688,"column":32},"end":{"line":691,"column":10}},"270":{"start":{"line":695,"column":4},"end":{"line":697,"column":11}},"271":{"start":{"line":696,"column":8},"end":{"line":696,"column":29}},"272":{"start":{"line":700,"column":31},"end":{"line":722,"column":5}},"273":{"start":{"line":701,"column":8},"end":{"line":721,"column":9}},"274":{"start":{"line":703,"column":12},"end":{"line":705,"column":13}},"275":{"start":{"line":704,"column":16},"end":{"line":704,"column":79}},"276":{"start":{"line":708,"column":31},"end":{"line":708,"column":69}},"277":{"start":{"line":710,"column":12},"end":{"line":717,"column":13}},"278":{"start":{"line":712,"column":37},"end":{"line":712,"column":97}},"279":{"start":{"line":713,"column":16},"end":{"line":713,"column":61}},"280":{"start":{"line":714,"column":16},"end":{"line":714,"column":36}},"281":{"start":{"line":716,"column":16},"end":{"line":716,"column":66}},"282":{"start":{"line":719,"column":24},"end":{"line":719,"column":38}},"283":{"start":{"line":720,"column":12},"end":{"line":720,"column":78}},"284":{"start":{"line":725,"column":33},"end":{"line":755,"column":5}},"285":{"start":{"line":726,"column":8},"end":{"line":726,"column":52}},"286":{"start":{"line":726,"column":45},"end":{"line":726,"column":52}},"287":{"start":{"line":728,"column":25},"end":{"line":728,"column":68}},"288":{"start":{"line":729,"column":20},"end":{"line":729,"column":30}},"289":{"start":{"line":732,"column":33},"end":{"line":732,"column":74}},"290":{"start":{"line":734,"column":8},"end":{"line":754,"column":9}},"291":{"start":{"line":735,"column":12},"end":{"line":753,"column":13}},"292":{"start":{"line":736,"column":37},"end":{"line":736,"column":72}},"293":{"start":{"line":739,"column":16},"end":{"line":750,"column":19}},"294":{"start":{"line":752,"column":16},"end":{"line":752,"column":71}},"295":{"start":{"line":759,"column":8},"end":{"line":949,"column":null}},"296":{"start":{"line":763,"column":43},"end":{"line":763,"column":58}},"297":{"start":{"line":765,"column":43},"end":{"line":765,"column":57}},"298":{"start":{"line":769,"column":24},"end":{"line":769,"column":39}},"299":{"start":{"line":772,"column":24},"end":{"line":773,"column":null}},"300":{"start":{"line":777,"column":43},"end":{"line":777,"column":70}},"301":{"start":{"line":791,"column":44},"end":{"line":791,"column":68}},"302":{"start":{"line":792,"column":42},"end":{"line":792,"column":84}},"303":{"start":{"line":792,"column":59},"end":{"line":792,"column":75}},"304":{"start":{"line":793,"column":28},"end":{"line":793,"column":52}},"305":{"start":{"line":799,"column":28},"end":{"line":799,"column":51}},"306":{"start":{"line":810,"column":49},"end":{"line":810,"column":75}},"307":{"start":{"line":817,"column":46},"end":{"line":817,"column":70}},"308":{"start":{"line":818,"column":44},"end":{"line":818,"column":82}},"309":{"start":{"line":818,"column":59},"end":{"line":818,"column":73}},"310":{"start":{"line":819,"column":32},"end":{"line":819,"column":52}},"311":{"start":{"line":825,"column":32},"end":{"line":825,"column":53}},"312":{"start":{"line":834,"column":49},"end":{"line":834,"column":116}},"313":{"start":{"line":848,"column":53},"end":{"line":848,"column":115}},"314":{"start":{"line":865,"column":24},"end":{"line":866,"column":null}},"315":{"start":{"line":882,"column":68},"end":{"line":882,"column":97}},"316":{"start":{"line":891,"column":68},"end":{"line":891,"column":93}},"317":{"start":{"line":912,"column":55},"end":{"line":912,"column":75}},"318":{"start":{"line":918,"column":55},"end":{"line":918,"column":115}},"319":{"start":{"line":934,"column":51},"end":{"line":934,"column":125}},"320":{"start":{"line":940,"column":51},"end":{"line":940,"column":78}},"321":{"start":{"line":954,"column":4},"end":{"line":992,"column":6}},"322":{"start":{"line":995,"column":0},"end":{"line":995,"column":19}}},"fnMap":{"0":{"name":"App","decl":{"start":{"line":72,"column":9},"end":{"line":72,"column":12}},"loc":{"start":{"line":72,"column":12},"end":{"line":993,"column":1}}},"1":{"name":"(anonymous_2)","decl":{"start":{"line":118,"column":27},"end":{"line":118,"column":28}},"loc":{"start":{"line":118,"column":42},"end":{"line":120,"column":5}}},"2":{"name":"(anonymous_3)","decl":{"start":{"line":122,"column":31},"end":{"line":122,"column":32}},"loc":{"start":{"line":122,"column":46},"end":{"line":124,"column":5}}},"3":{"name":"(anonymous_4)","decl":{"start":{"line":127,"column":33},"end":{"line":127,"column":36}},"loc":{"start":{"line":127,"column":38},"end":{"line":143,"column":5}}},"4":{"name":"(anonymous_5)","decl":{"start":{"line":146,"column":28},"end":{"line":146,"column":29}},"loc":{"start":{"line":146,"column":44},"end":{"line":148,"column":5}}},"5":{"name":"(anonymous_6)","decl":{"start":{"line":151,"column":35},"end":{"line":151,"column":36}},"loc":{"start":{"line":151,"column":95},"end":{"line":177,"column":5}}},"6":{"name":"(anonymous_7)","decl":{"start":{"line":180,"column":24},"end":{"line":180,"column":29}},"loc":{"start":{"line":180,"column":35},"end":{"line":205,"column":5}}},"7":{"name":"(anonymous_8)","decl":{"start":{"line":197,"column":52},"end":{"line":197,"column":57}},"loc":{"start":{"line":197,"column":61},"end":{"line":197,"column":90}}},"8":{"name":"(anonymous_9)","decl":{"start":{"line":208,"column":14},"end":{"line":208,"column":17}},"loc":{"start":{"line":208,"column":19},"end":{"line":234,"column":5}}},"9":{"name":"fetchData","decl":{"start":{"line":209,"column":23},"end":{"line":209,"column":32}},"loc":{"start":{"line":209,"column":32},"end":{"line":231,"column":9}}},"10":{"name":"(anonymous_11)","decl":{"start":{"line":219,"column":52},"end":{"line":219,"column":53}},"loc":{"start":{"line":219,"column":69},"end":{"line":222,"column":18}}},"11":{"name":"(anonymous_12)","decl":{"start":{"line":237,"column":38},"end":{"line":237,"column":39}},"loc":{"start":{"line":237,"column":65},"end":{"line":420,"column":5}}},"12":{"name":"(anonymous_13)","decl":{"start":{"line":256,"column":21},"end":{"line":256,"column":30}},"loc":{"start":{"line":256,"column":33},"end":{"line":272,"column":13}}},"13":{"name":"(anonymous_14)","decl":{"start":{"line":258,"column":46},"end":{"line":258,"column":56}},"loc":{"start":{"line":258,"column":59},"end":{"line":270,"column":17}}},"14":{"name":"(anonymous_15)","decl":{"start":{"line":259,"column":68},"end":{"line":259,"column":72}},"loc":{"start":{"line":260,"column":24},"end":{"line":268,"column":34}}},"15":{"name":"(anonymous_16)","decl":{"start":{"line":295,"column":44},"end":{"line":295,"column":49}},"loc":{"start":{"line":295,"column":55},"end":{"line":369,"column":13}}},"16":{"name":"(anonymous_17)","decl":{"start":{"line":372,"column":43},"end":{"line":372,"column":47}},"loc":{"start":{"line":372,"column":50},"end":{"line":418,"column":13}}},"17":{"name":"(anonymous_18)","decl":{"start":{"line":384,"column":29},"end":{"line":384,"column":38}},"loc":{"start":{"line":384,"column":41},"end":{"line":398,"column":21}}},"18":{"name":"(anonymous_19)","decl":{"start":{"line":386,"column":38},"end":{"line":386,"column":39}},"loc":{"start":{"line":386,"column":54},"end":{"line":396,"column":25}}},"19":{"name":"(anonymous_20)","decl":{"start":{"line":407,"column":29},"end":{"line":407,"column":38}},"loc":{"start":{"line":407,"column":43},"end":{"line":410,"column":22}}},"20":{"name":"(anonymous_21)","decl":{"start":{"line":422,"column":29},"end":{"line":422,"column":30}},"loc":{"start":{"line":422,"column":69},"end":{"line":516,"column":5}}},"21":{"name":"(anonymous_22)","decl":{"start":{"line":427,"column":44},"end":{"line":427,"column":48}},"loc":{"start":{"line":427,"column":51},"end":{"line":431,"column":9}}},"22":{"name":"(anonymous_23)","decl":{"start":{"line":435,"column":39},"end":{"line":435,"column":44}},"loc":{"start":{"line":435,"column":50},"end":{"line":486,"column":13}}},"23":{"name":"(anonymous_24)","decl":{"start":{"line":493,"column":17},"end":{"line":493,"column":26}},"loc":{"start":{"line":493,"column":29},"end":{"line":504,"column":9}}},"24":{"name":"(anonymous_25)","decl":{"start":{"line":496,"column":42},"end":{"line":496,"column":46}},"loc":{"start":{"line":496,"column":49},"end":{"line":502,"column":13}}},"25":{"name":"(anonymous_26)","decl":{"start":{"line":497,"column":55},"end":{"line":497,"column":59}},"loc":{"start":{"line":497,"column":63},"end":{"line":497,"column":81}}},"26":{"name":"(anonymous_27)","decl":{"start":{"line":508,"column":27},"end":{"line":508,"column":31}},"loc":{"start":{"line":508,"column":34},"end":{"line":512,"column":13}}},"27":{"name":"(anonymous_28)","decl":{"start":{"line":519,"column":36},"end":{"line":519,"column":37}},"loc":{"start":{"line":519,"column":58},"end":{"line":526,"column":5}}},"28":{"name":"(anonymous_29)","decl":{"start":{"line":525,"column":31},"end":{"line":525,"column":35}},"loc":{"start":{"line":525,"column":39},"end":{"line":525,"column":74}}},"29":{"name":"(anonymous_30)","decl":{"start":{"line":529,"column":27},"end":{"line":529,"column":28}},"loc":{"start":{"line":529,"column":42},"end":{"line":536,"column":5}}},"30":{"name":"(anonymous_31)","decl":{"start":{"line":535,"column":46},"end":{"line":535,"column":52}},"loc":{"start":{"line":535,"column":56},"end":{"line":535,"column":87}}},"31":{"name":"(anonymous_32)","decl":{"start":{"line":539,"column":24},"end":{"line":539,"column":25}},"loc":{"start":{"line":539,"column":43},"end":{"line":541,"column":5}}},"32":{"name":"(anonymous_33)","decl":{"start":{"line":544,"column":27},"end":{"line":544,"column":28}},"loc":{"start":{"line":544,"column":43},"end":{"line":564,"column":5}}},"33":{"name":"(anonymous_34)","decl":{"start":{"line":551,"column":46},"end":{"line":551,"column":50}},"loc":{"start":{"line":551,"column":54},"end":{"line":551,"column":81}}},"34":{"name":"(anonymous_35)","decl":{"start":{"line":555,"column":35},"end":{"line":555,"column":36}},"loc":{"start":{"line":556,"column":20},"end":{"line":557,"column":null}}},"35":{"name":"(anonymous_36)","decl":{"start":{"line":567,"column":25},"end":{"line":567,"column":26}},"loc":{"start":{"line":567,"column":48},"end":{"line":575,"column":5}}},"36":{"name":"(anonymous_37)","decl":{"start":{"line":578,"column":26},"end":{"line":578,"column":27}},"loc":{"start":{"line":578,"column":41},"end":{"line":583,"column":5}}},"37":{"name":"(anonymous_38)","decl":{"start":{"line":586,"column":33},"end":{"line":586,"column":34}},"loc":{"start":{"line":586,"column":52},"end":{"line":626,"column":5}}},"38":{"name":"(anonymous_39)","decl":{"start":{"line":592,"column":38},"end":{"line":592,"column":39}},"loc":{"start":{"line":592,"column":59},"end":{"line":599,"column":9}}},"39":{"name":"(anonymous_40)","decl":{"start":{"line":593,"column":29},"end":{"line":593,"column":33}},"loc":{"start":{"line":593,"column":36},"end":{"line":598,"column":13}}},"40":{"name":"(anonymous_41)","decl":{"start":{"line":603,"column":21},"end":{"line":603,"column":30}},"loc":{"start":{"line":603,"column":33},"end":{"line":624,"column":13}}},"41":{"name":"(anonymous_42)","decl":{"start":{"line":605,"column":66},"end":{"line":605,"column":70}},"loc":{"start":{"line":605,"column":74},"end":{"line":605,"column":92}}},"42":{"name":"(anonymous_43)","decl":{"start":{"line":629,"column":43},"end":{"line":629,"column":48}},"loc":{"start":{"line":629,"column":84},"end":{"line":679,"column":5}}},"43":{"name":"(anonymous_44)","decl":{"start":{"line":682,"column":35},"end":{"line":682,"column":36}},"loc":{"start":{"line":682,"column":74},"end":{"line":684,"column":5}}},"44":{"name":"(anonymous_45)","decl":{"start":{"line":687,"column":29},"end":{"line":687,"column":30}},"loc":{"start":{"line":687,"column":48},"end":{"line":692,"column":5}}},"45":{"name":"(anonymous_46)","decl":{"start":{"line":688,"column":23},"end":{"line":688,"column":27}},"loc":{"start":{"line":688,"column":32},"end":{"line":691,"column":10}}},"46":{"name":"(anonymous_47)","decl":{"start":{"line":695,"column":14},"end":{"line":695,"column":17}},"loc":{"start":{"line":695,"column":19},"end":{"line":697,"column":5}}},"47":{"name":"(anonymous_48)","decl":{"start":{"line":700,"column":31},"end":{"line":700,"column":36}},"loc":{"start":{"line":700,"column":42},"end":{"line":722,"column":5}}},"48":{"name":"(anonymous_49)","decl":{"start":{"line":725,"column":33},"end":{"line":725,"column":38}},"loc":{"start":{"line":725,"column":54},"end":{"line":755,"column":5}}},"49":{"name":"(anonymous_50)","decl":{"start":{"line":763,"column":37},"end":{"line":763,"column":40}},"loc":{"start":{"line":763,"column":43},"end":{"line":763,"column":58}}},"50":{"name":"(anonymous_51)","decl":{"start":{"line":765,"column":37},"end":{"line":765,"column":40}},"loc":{"start":{"line":765,"column":43},"end":{"line":765,"column":57}}},"51":{"name":"(anonymous_52)","decl":{"start":{"line":768,"column":75},"end":{"line":768,"column":78}},"loc":{"start":{"line":769,"column":24},"end":{"line":769,"column":39}}},"52":{"name":"(anonymous_53)","decl":{"start":{"line":771,"column":48},"end":{"line":771,"column":49}},"loc":{"start":{"line":772,"column":24},"end":{"line":773,"column":null}}},"53":{"name":"(anonymous_54)","decl":{"start":{"line":777,"column":37},"end":{"line":777,"column":40}},"loc":{"start":{"line":777,"column":43},"end":{"line":777,"column":70}}},"54":{"name":"(anonymous_55)","decl":{"start":{"line":790,"column":34},"end":{"line":790,"column":35}},"loc":{"start":{"line":790,"column":40},"end":{"line":794,"column":25}}},"55":{"name":"(anonymous_56)","decl":{"start":{"line":792,"column":54},"end":{"line":792,"column":55}},"loc":{"start":{"line":792,"column":59},"end":{"line":792,"column":75}}},"56":{"name":"(anonymous_57)","decl":{"start":{"line":798,"column":36},"end":{"line":798,"column":41}},"loc":{"start":{"line":799,"column":28},"end":{"line":799,"column":51}}},"57":{"name":"(anonymous_58)","decl":{"start":{"line":810,"column":42},"end":{"line":810,"column":43}},"loc":{"start":{"line":810,"column":49},"end":{"line":810,"column":75}}},"58":{"name":"(anonymous_59)","decl":{"start":{"line":816,"column":38},"end":{"line":816,"column":39}},"loc":{"start":{"line":816,"column":44},"end":{"line":820,"column":29}}},"59":{"name":"(anonymous_60)","decl":{"start":{"line":818,"column":54},"end":{"line":818,"column":55}},"loc":{"start":{"line":818,"column":59},"end":{"line":818,"column":73}}},"60":{"name":"(anonymous_61)","decl":{"start":{"line":824,"column":38},"end":{"line":824,"column":41}},"loc":{"start":{"line":825,"column":32},"end":{"line":825,"column":53}}},"61":{"name":"(anonymous_62)","decl":{"start":{"line":834,"column":42},"end":{"line":834,"column":43}},"loc":{"start":{"line":834,"column":49},"end":{"line":834,"column":116}}},"62":{"name":"(anonymous_63)","decl":{"start":{"line":848,"column":46},"end":{"line":848,"column":47}},"loc":{"start":{"line":848,"column":53},"end":{"line":848,"column":115}}},"63":{"name":"(anonymous_64)","decl":{"start":{"line":864,"column":63},"end":{"line":864,"column":64}},"loc":{"start":{"line":865,"column":24},"end":{"line":866,"column":null}}},"64":{"name":"(anonymous_65)","decl":{"start":{"line":882,"column":62},"end":{"line":882,"column":65}},"loc":{"start":{"line":882,"column":68},"end":{"line":882,"column":97}}},"65":{"name":"(anonymous_66)","decl":{"start":{"line":891,"column":62},"end":{"line":891,"column":65}},"loc":{"start":{"line":891,"column":68},"end":{"line":891,"column":93}}},"66":{"name":"(anonymous_67)","decl":{"start":{"line":912,"column":49},"end":{"line":912,"column":52}},"loc":{"start":{"line":912,"column":55},"end":{"line":912,"column":75}}},"67":{"name":"(anonymous_68)","decl":{"start":{"line":918,"column":49},"end":{"line":918,"column":52}},"loc":{"start":{"line":918,"column":55},"end":{"line":918,"column":115}}},"68":{"name":"(anonymous_69)","decl":{"start":{"line":934,"column":45},"end":{"line":934,"column":48}},"loc":{"start":{"line":934,"column":51},"end":{"line":934,"column":125}}},"69":{"name":"(anonymous_70)","decl":{"start":{"line":940,"column":45},"end":{"line":940,"column":48}},"loc":{"start":{"line":940,"column":51},"end":{"line":940,"column":78}}}},"branchMap":{"0":{"loc":{"start":{"line":162,"column":12},"end":{"line":172,"column":13}},"type":"switch","locations":[{"start":{"line":163,"column":16},"end":{"line":165,"column":26}},{"start":{"line":166,"column":16},"end":{"line":168,"column":26}},{"start":{"line":169,"column":16},"end":{"line":171,"column":26}}]},"1":{"loc":{"start":{"line":187,"column":12},"end":{"line":190,"column":13}},"type":"if","locations":[{"start":{"line":187,"column":12},"end":{"line":190,"column":13}}]},"2":{"loc":{"start":{"line":192,"column":22},"end":{"line":192,"column":32}},"type":"binary-expr","locations":[{"start":{"line":192,"column":22},"end":{"line":192,"column":26}},{"start":{"line":192,"column":30},"end":{"line":192,"column":32}}]},"3":{"loc":{"start":{"line":196,"column":12},"end":{"line":201,"column":13}},"type":"if","locations":[{"start":{"line":196,"column":12},"end":{"line":201,"column":13}}]},"4":{"loc":{"start":{"line":198,"column":16},"end":{"line":200,"column":17}},"type":"if","locations":[{"start":{"line":198,"column":16},"end":{"line":200,"column":17}}]},"5":{"loc":{"start":{"line":215,"column":12},"end":{"line":227,"column":13}},"type":"if","locations":[{"start":{"line":215,"column":12},"end":{"line":227,"column":13}},{"start":{"line":217,"column":19},"end":{"line":227,"column":13}}]},"6":{"loc":{"start":{"line":217,"column":19},"end":{"line":227,"column":13}},"type":"if","locations":[{"start":{"line":217,"column":19},"end":{"line":227,"column":13}}]},"7":{"loc":{"start":{"line":224,"column":16},"end":{"line":226,"column":17}},"type":"if","locations":[{"start":{"line":224,"column":16},"end":{"line":226,"column":17}}]},"8":{"loc":{"start":{"line":239,"column":8},"end":{"line":242,"column":9}},"type":"if","locations":[{"start":{"line":239,"column":8},"end":{"line":242,"column":9}}]},"9":{"loc":{"start":{"line":239,"column":12},"end":{"line":239,"column":42}},"type":"binary-expr","locations":[{"start":{"line":239,"column":12},"end":{"line":239,"column":26}},{"start":{"line":239,"column":30},"end":{"line":239,"column":42}}]},"10":{"loc":{"start":{"line":252,"column":40},"end":{"line":252,"column":81}},"type":"binary-expr","locations":[{"start":{"line":252,"column":40},"end":{"line":252,"column":63}},{"start":{"line":252,"column":67},"end":{"line":252,"column":81}}]},"11":{"loc":{"start":{"line":254,"column":8},"end":{"line":419,"column":9}},"type":"if","locations":[{"start":{"line":254,"column":8},"end":{"line":419,"column":9}},{"start":{"line":273,"column":15},"end":{"line":419,"column":9}}]},"12":{"loc":{"start":{"line":254,"column":12},"end":{"line":254,"column":38}},"type":"binary-expr","locations":[{"start":{"line":254,"column":12},"end":{"line":254,"column":21}},{"start":{"line":254,"column":25},"end":{"line":254,"column":38}}]},"13":{"loc":{"start":{"line":260,"column":24},"end":{"line":268,"column":34}},"type":"cond-expr","locations":[{"start":{"line":261,"column":30},"end":{"line":267,"column":null}},{"start":{"line":268,"column":30},"end":{"line":268,"column":34}}]},"14":{"loc":{"start":{"line":275,"column":62},"end":{"line":278,"column":25}},"type":"cond-expr","locations":[{"start":{"line":275,"column":95},"end":{"line":278,"column":14}},{"start":{"line":278,"column":16},"end":{"line":278,"column":25}}]},"15":{"loc":{"start":{"line":304,"column":35},"end":{"line":304,"column":100}},"type":"cond-expr","locations":[{"start":{"line":304,"column":75},"end":{"line":304,"column":96}},{"start":{"line":304,"column":99},"end":{"line":304,"column":100}}]},"16":{"loc":{"start":{"line":304,"column":35},"end":{"line":304,"column":72}},"type":"binary-expr","locations":[{"start":{"line":304,"column":35},"end":{"line":304,"column":46}},{"start":{"line":304,"column":50},"end":{"line":304,"column":72}}]},"17":{"loc":{"start":{"line":315,"column":20},"end":{"line":318,"column":21}},"type":"if","locations":[{"start":{"line":315,"column":20},"end":{"line":318,"column":21}}]},"18":{"loc":{"start":{"line":315,"column":24},"end":{"line":315,"column":77}},"type":"binary-expr","locations":[{"start":{"line":315,"column":24},"end":{"line":315,"column":43}},{"start":{"line":315,"column":47},"end":{"line":315,"column":77}}]},"19":{"loc":{"start":{"line":336,"column":20},"end":{"line":361,"column":21}},"type":"if","locations":[{"start":{"line":336,"column":20},"end":{"line":361,"column":21}}]},"20":{"loc":{"start":{"line":339,"column":24},"end":{"line":358,"column":25}},"type":"if","locations":[{"start":{"line":339,"column":24},"end":{"line":358,"column":25}}]},"21":{"loc":{"start":{"line":353,"column":28},"end":{"line":355,"column":29}},"type":"if","locations":[{"start":{"line":353,"column":28},"end":{"line":355,"column":29}}]},"22":{"loc":{"start":{"line":366,"column":53},"end":{"line":366,"column":105}},"type":"cond-expr","locations":[{"start":{"line":366,"column":76},"end":{"line":366,"column":87}},{"start":{"line":366,"column":90},"end":{"line":366,"column":105}}]},"23":{"loc":{"start":{"line":373,"column":16},"end":{"line":373,"column":34}},"type":"if","locations":[{"start":{"line":373,"column":16},"end":{"line":373,"column":34}}]},"24":{"loc":{"start":{"line":378,"column":16},"end":{"line":413,"column":17}},"type":"if","locations":[{"start":{"line":378,"column":16},"end":{"line":413,"column":17}},{"start":{"line":399,"column":23},"end":{"line":413,"column":17}}]},"25":{"loc":{"start":{"line":394,"column":56},"end":{"line":394,"column":82}},"type":"binary-expr","locations":[{"start":{"line":394,"column":56},"end":{"line":394,"column":76}},{"start":{"line":394,"column":80},"end":{"line":394,"column":82}}]},"26":{"loc":{"start":{"line":409,"column":43},"end":{"line":409,"column":70}},"type":"binary-expr","locations":[{"start":{"line":409,"column":43},"end":{"line":409,"column":64}},{"start":{"line":409,"column":68},"end":{"line":409,"column":70}}]},"27":{"loc":{"start":{"line":428,"column":12},"end":{"line":430,"column":13}},"type":"if","locations":[{"start":{"line":428,"column":12},"end":{"line":430,"column":13}}]},"28":{"loc":{"start":{"line":433,"column":8},"end":{"line":490,"column":9}},"type":"if","locations":[{"start":{"line":433,"column":8},"end":{"line":490,"column":9}}]},"29":{"loc":{"start":{"line":450,"column":20},"end":{"line":453,"column":21}},"type":"if","locations":[{"start":{"line":450,"column":20},"end":{"line":453,"column":21}}]},"30":{"loc":{"start":{"line":464,"column":20},"end":{"line":467,"column":21}},"type":"if","locations":[{"start":{"line":464,"column":20},"end":{"line":467,"column":21}}]},"31":{"loc":{"start":{"line":477,"column":20},"end":{"line":482,"column":21}},"type":"if","locations":[{"start":{"line":477,"column":20},"end":{"line":482,"column":21}},{"start":{"line":480,"column":27},"end":{"line":482,"column":21}}]},"32":{"loc":{"start":{"line":499,"column":16},"end":{"line":501,"column":17}},"type":"if","locations":[{"start":{"line":499,"column":16},"end":{"line":501,"column":17}}]},"33":{"loc":{"start":{"line":507,"column":8},"end":{"line":513,"column":9}},"type":"if","locations":[{"start":{"line":507,"column":8},"end":{"line":513,"column":9}}]},"34":{"loc":{"start":{"line":535,"column":28},"end":{"line":535,"column":107}},"type":"binary-expr","locations":[{"start":{"line":535,"column":28},"end":{"line":535,"column":88}},{"start":{"line":535,"column":92},"end":{"line":535,"column":107}}]},"35":{"loc":{"start":{"line":568,"column":8},"end":{"line":568,"column":31}},"type":"if","locations":[{"start":{"line":568,"column":8},"end":{"line":568,"column":31}}]},"36":{"loc":{"start":{"line":571,"column":12},"end":{"line":573,"column":62}},"type":"binary-expr","locations":[{"start":{"line":571,"column":12},"end":{"line":571,"column":35}},{"start":{"line":572,"column":12},"end":{"line":572,"column":56}},{"start":{"line":573,"column":12},"end":{"line":573,"column":62}}]},"37":{"loc":{"start":{"line":579,"column":8},"end":{"line":579,"column":41}},"type":"if","locations":[{"start":{"line":579,"column":8},"end":{"line":579,"column":41}}]},"38":{"loc":{"start":{"line":594,"column":16},"end":{"line":597,"column":17}},"type":"if","locations":[{"start":{"line":594,"column":16},"end":{"line":597,"column":17}}]},"39":{"loc":{"start":{"line":601,"column":8},"end":{"line":625,"column":9}},"type":"if","locations":[{"start":{"line":601,"column":8},"end":{"line":625,"column":9}}]},"40":{"loc":{"start":{"line":601,"column":12},"end":{"line":601,"column":38}},"type":"binary-expr","locations":[{"start":{"line":601,"column":12},"end":{"line":601,"column":24}},{"start":{"line":601,"column":28},"end":{"line":601,"column":38}}]},"41":{"loc":{"start":{"line":607,"column":16},"end":{"line":621,"column":17}},"type":"if","locations":[{"start":{"line":607,"column":16},"end":{"line":621,"column":17}}]},"42":{"loc":{"start":{"line":618,"column":20},"end":{"line":620,"column":21}},"type":"if","locations":[{"start":{"line":618,"column":20},"end":{"line":620,"column":21}}]},"43":{"loc":{"start":{"line":644,"column":12},"end":{"line":647,"column":13}},"type":"if","locations":[{"start":{"line":644,"column":12},"end":{"line":647,"column":13}}]},"44":{"loc":{"start":{"line":658,"column":12},"end":{"line":661,"column":13}},"type":"if","locations":[{"start":{"line":658,"column":12},"end":{"line":661,"column":13}}]},"45":{"loc":{"start":{"line":671,"column":12},"end":{"line":675,"column":13}},"type":"if","locations":[{"start":{"line":671,"column":12},"end":{"line":675,"column":13}},{"start":{"line":673,"column":19},"end":{"line":675,"column":13}}]},"46":{"loc":{"start":{"line":703,"column":12},"end":{"line":705,"column":13}},"type":"if","locations":[{"start":{"line":703,"column":12},"end":{"line":705,"column":13}}]},"47":{"loc":{"start":{"line":710,"column":12},"end":{"line":717,"column":13}},"type":"if","locations":[{"start":{"line":710,"column":12},"end":{"line":717,"column":13}},{"start":{"line":715,"column":19},"end":{"line":717,"column":13}}]},"48":{"loc":{"start":{"line":726,"column":8},"end":{"line":726,"column":52}},"type":"if","locations":[{"start":{"line":726,"column":8},"end":{"line":726,"column":52}}]},"49":{"loc":{"start":{"line":734,"column":8},"end":{"line":754,"column":9}},"type":"if","locations":[{"start":{"line":734,"column":8},"end":{"line":754,"column":9}}]},"50":{"loc":{"start":{"line":774,"column":55},"end":{"line":774,"column":74}},"type":"cond-expr","locations":[{"start":{"line":774,"column":62},"end":{"line":774,"column":69}},{"start":{"line":774,"column":72},"end":{"line":774,"column":74}}]},"51":{"loc":{"start":{"line":775,"column":32},"end":{"line":775,"column":null}},"type":"cond-expr","locations":[{"start":{"line":775,"column":72},"end":{"line":775,"column":82}},{"start":{"line":775,"column":85},"end":{"line":775,"column":null}}]},"52":{"loc":{"start":{"line":775,"column":32},"end":{"line":775,"column":69}},"type":"binary-expr","locations":[{"start":{"line":775,"column":32},"end":{"line":775,"column":35}},{"start":{"line":775,"column":39},"end":{"line":775,"column":69}}]},"53":{"loc":{"start":{"line":776,"column":32},"end":{"line":776,"column":70}},"type":"cond-expr","locations":[{"start":{"line":776,"column":52},"end":{"line":776,"column":65}},{"start":{"line":776,"column":68},"end":{"line":776,"column":70}}]},"54":{"loc":{"start":{"line":777,"column":43},"end":{"line":777,"column":70}},"type":"binary-expr","locations":[{"start":{"line":777,"column":43},"end":{"line":777,"column":46}},{"start":{"line":777,"column":50},"end":{"line":777,"column":70}}]},"55":{"loc":{"start":{"line":780,"column":29},"end":{"line":780,"column":55}},"type":"binary-expr","locations":[{"start":{"line":780,"column":29},"end":{"line":780,"column":32}},{"start":{"line":780,"column":36},"end":{"line":780,"column":55}}]},"56":{"loc":{"start":{"line":789,"column":31},"end":{"line":789,"column":54}},"type":"binary-expr","locations":[{"start":{"line":789,"column":31},"end":{"line":789,"column":48}},{"start":{"line":789,"column":52},"end":{"line":789,"column":54}}]},"57":{"loc":{"start":{"line":792,"column":42},"end":{"line":792,"column":84}},"type":"binary-expr","locations":[{"start":{"line":792,"column":42},"end":{"line":792,"column":76}},{"start":{"line":792,"column":80},"end":{"line":792,"column":84}}]},"58":{"loc":{"start":{"line":815,"column":35},"end":{"line":815,"column":56}},"type":"binary-expr","locations":[{"start":{"line":815,"column":35},"end":{"line":815,"column":50}},{"start":{"line":815,"column":54},"end":{"line":815,"column":56}}]},"59":{"loc":{"start":{"line":818,"column":44},"end":{"line":818,"column":82}},"type":"binary-expr","locations":[{"start":{"line":818,"column":44},"end":{"line":818,"column":74}},{"start":{"line":818,"column":78},"end":{"line":818,"column":82}}]},"60":{"loc":{"start":{"line":833,"column":39},"end":{"line":833,"column":81}},"type":"binary-expr","locations":[{"start":{"line":833,"column":39},"end":{"line":833,"column":63}},{"start":{"line":833,"column":67},"end":{"line":833,"column":81}}]},"61":{"loc":{"start":{"line":835,"column":42},"end":{"line":835,"column":81}},"type":"cond-expr","locations":[{"start":{"line":835,"column":69},"end":{"line":835,"column":73}},{"start":{"line":835,"column":76},"end":{"line":835,"column":81}}]},"62":{"loc":{"start":{"line":842,"column":29},"end":{"line":851,"column":null}},"type":"binary-expr","locations":[{"start":{"line":842,"column":30},"end":{"line":842,"column":54}},{"start":{"line":842,"column":58},"end":{"line":842,"column":79}},{"start":{"line":843,"column":36},"end":{"line":850,"column":null}}]},"63":{"loc":{"start":{"line":848,"column":84},"end":{"line":848,"column":113}},"type":"binary-expr","locations":[{"start":{"line":848,"column":84},"end":{"line":848,"column":108}},{"start":{"line":848,"column":112},"end":{"line":848,"column":113}}]},"64":{"loc":{"start":{"line":857,"column":38},"end":{"line":857,"column":68}},"type":"binary-expr","locations":[{"start":{"line":857,"column":38},"end":{"line":857,"column":52}},{"start":{"line":857,"column":56},"end":{"line":857,"column":68}}]},"65":{"loc":{"start":{"line":859,"column":29},"end":{"line":859,"column":55}},"type":"cond-expr","locations":[{"start":{"line":859,"column":41},"end":{"line":859,"column":47}},{"start":{"line":859,"column":50},"end":{"line":859,"column":55}}]},"66":{"loc":{"start":{"line":868,"column":34},"end":{"line":868,"column":73}},"type":"cond-expr","locations":[{"start":{"line":868,"column":57},"end":{"line":868,"column":68}},{"start":{"line":868,"column":71},"end":{"line":868,"column":73}}]},"67":{"loc":{"start":{"line":869,"column":34},"end":{"line":869,"column":97}},"type":"cond-expr","locations":[{"start":{"line":869,"column":76},"end":{"line":869,"column":92}},{"start":{"line":869,"column":95},"end":{"line":869,"column":97}}]},"68":{"loc":{"start":{"line":869,"column":34},"end":{"line":869,"column":73}},"type":"binary-expr","locations":[{"start":{"line":869,"column":34},"end":{"line":869,"column":48}},{"start":{"line":869,"column":52},"end":{"line":869,"column":73}}]},"69":{"loc":{"start":{"line":870,"column":34},"end":{"line":870,"column":70}},"type":"cond-expr","locations":[{"start":{"line":870,"column":56},"end":{"line":870,"column":65}},{"start":{"line":870,"column":68},"end":{"line":870,"column":70}}]},"70":{"loc":{"start":{"line":890,"column":61},"end":{"line":890,"column":90}},"type":"binary-expr","locations":[{"start":{"line":890,"column":61},"end":{"line":890,"column":81}},{"start":{"line":890,"column":85},"end":{"line":890,"column":90}}]},"71":{"loc":{"start":{"line":898,"column":63},"end":{"line":898,"column":101}},"type":"cond-expr","locations":[{"start":{"line":898,"column":80},"end":{"line":898,"column":96}},{"start":{"line":898,"column":99},"end":{"line":898,"column":101}}]},"72":{"loc":{"start":{"line":928,"column":17},"end":{"line":947,"column":null}},"type":"binary-expr","locations":[{"start":{"line":928,"column":17},"end":{"line":928,"column":35}},{"start":{"line":929,"column":20},"end":{"line":946,"column":null}}]}},"s":{"0":0,"1":0,"2":0,"3":0,"4":0,"5":0,"6":0,"7":0,"8":0,"9":0,"10":0,"11":0,"12":0,"13":0,"14":0,"15":0,"16":0,"17":0,"18":0,"19":0,"20":0,"21":0,"22":0,"23":0,"24":0,"25":0,"26":0,"27":0,"28":0,"29":0,"30":0,"31":0,"32":0,"33":0,"34":0,"35":0,"36":0,"37":0,"38":0,"39":0,"40":0,"41":0,"42":0,"43":0,"44":0,"45":0,"46":0,"47":0,"48":0,"49":0,"50":0,"51":0,"52":0,"53":0,"54":0,"55":0,"56":0,"57":0,"58":0,"59":0,"60":0,"61":0,"62":0,"63":0,"64":0,"65":0,"66":0,"67":0,"68":0,"69":0,"70":0,"71":0,"72":0,"73":0,"74":0,"75":0,"76":0,"77":0,"78":0,"79":0,"80":0,"81":0,"82":0,"83":0,"84":0,"85":0,"86":0,"87":0,"88":0,"89":0,"90":0,"91":0,"92":0,"93":0,"94":0,"95":0,"96":0,"97":0,"98":0,"99":0,"100":0,"101":0,"102":0,"103":0,"104":0,"105":0,"106":0,"107":0,"108":0,"109":0,"110":0,"111":0,"112":0,"113":0,"114":0,"115":0,"116":0,"117":0,"118":0,"119":0,"120":0,"121":0,"122":0,"123":0,"124":0,"125":0,"126":0,"127":0,"128":0,"129":0,"130":0,"131":0,"132":0,"133":0,"134":0,"135":0,"136":0,"137":0,"138":0,"139":0,"140":0,"141":0,"142":0,"143":0,"144":0,"145":0,"146":0,"147":0,"148":0,"149":0,"150":0,"151":0,"152":0,"153":0,"154":0,"155":0,"156":0,"157":0,"158":0,"159":0,"160":0,"161":0,"162":0,"163":0,"164":0,"165":0,"166":0,"167":0,"168":0,"169":0,"170":0,"171":0,"172":0,"173":0,"174":0,"175":0,"176":0,"177":0,"178":0,"179":0,"180":0,"181":0,"182":0,"183":0,"184":0,"185":0,"186":0,"187":0,"188":0,"189":0,"190":0,"191":0,"192":0,"193":0,"194":0,"195":0,"196":0,"197":0,"198":0,"199":0,"200":0,"201":0,"202":0,"203":0,"204":0,"205":0,"206":0,"207":0,"208":0,"209":0,"210":0,"211":0,"212":0,"213":0,"214":0,"215":0,"216":0,"217":0,"218":0,"219":0,"220":0,"221":0,"222":0,"223":0,"224":0,"225":0,"226":0,"227":0,"228":0,"229":0,"230":0,"231":0,"232":0,"233":0,"234":0,"235":0,"236":0,"237":0,"238":0,"239":0,"240":0,"241":0,"242":0,"243":0,"244":0,"245":0,"246":0,"247":0,"248":0,"249":0,"250":0,"251":0,"252":0,"253":0,"254":0,"255":0,"256":0,"257":0,"258":0,"259":0,"260":0,"261":0,"262":0,"263":0,"264":0,"265":0,"266":0,"267":0,"268":0,"269":0,"270":0,"271":0,"272":0,"273":0,"274":0,"275":0,"276":0,"277":0,"278":0,"279":0,"280":0,"281":0,"282":0,"283":0,"284":0,"285":0,"286":0,"287":0,"288":0,"289":0,"290":0,"291":0,"292":0,"293":0,"294":0,"295":0,"296":0,"297":0,"298":0,"299":0,"300":0,"301":0,"302":0,"303":0,"304":0,"305":0,"306":0,"307":0,"308":0,"309":0,"310":0,"311":0,"312":0,"313":0,"314":0,"315":0,"316":0,"317":0,"318":0,"319":0,"320":0,"321":0,"322":0},"f":{"0":0,"1":0,"2":0,"3":0,"4":0,"5":0,"6":0,"7":0,"8":0,"9":0,"10":0,"11":0,"12":0,"13":0,"14":0,"15":0,"16":0,"17":0,"18":0,"19":0,"20":0,"21":0,"22":0,"23":0,"24":0,"25":0,"26":0,"27":0,"28":0,"29":0,"30":0,"31":0,"32":0,"33":0,"34":0,"35":0,"36":0,"37":0,"38":0,"39":0,"40":0,"41":0,"42":0,"43":0,"44":0,"45":0,"46":0,"47":0,"48":0,"49":0,"50":0,"51":0,"52":0,"53":0,"54":0,"55":0,"56":0,"57":0,"58":0,"59":0,"60":0,"61":0,"62":0,"63":0,"64":0,"65":0,"66":0,"67":0,"68":0,"69":0},"b":{"0":[0,0,0],"1":[0],"2":[0,0],"3":[0],"4":[0],"5":[0,0],"6":[0],"7":[0],"8":[0],"9":[0,0],"10":[0,0],"11":[0,0],"12":[0,0],"13":[0,0],"14":[0,0],"15":[0,0],"16":[0,0],"17":[0],"18":[0,0],"19":[0],"20":[0],"21":[0],"22":[0,0],"23":[0],"24":[0,0],"25":[0,0],"26":[0,0],"27":[0],"28":[0],"29":[0],"30":[0],"31":[0,0],"32":[0],"33":[0],"34":[0,0],"35":[0],"36":[0,0,0],"37":[0],"38":[0],"39":[0],"40":[0,0],"41":[0],"42":[0],"43":[0],"44":[0],"45":[0,0],"46":[0],"47":[0,0],"48":[0],"49":[0],"50":[0,0],"51":[0,0],"52":[0,0],"53":[0,0],"54":[0,0],"55":[0,0],"56":[0,0],"57":[0,0],"58":[0,0],"59":[0,0],"60":[0,0],"61":[0,0],"62":[0,0,0],"63":[0,0],"64":[0,0],"65":[0,0],"66":[0,0],"67":[0,0],"68":[0,0],"69":[0,0],"70":[0,0],"71":[0,0],"72":[0,0]}}
,"C:\\Users\\Michael.OConnor\\source\\repos\\Cursor Test\\my-test-app\\src\\service-worker.js": {"path":"C:\\Users\\Michael.OConnor\\source\\repos\\Cursor Test\\my-test-app\\src\\service-worker.js","statementMap":{"0":{"start":{"line":1,"column":0},"end":{"line":12,"column":3}},"1":{"start":{"line":2,"column":20},"end":{"line":7,"column":5}},"2":{"start":{"line":9,"column":4},"end":{"line":11,"column":6}},"3":{"start":{"line":14,"column":0},"end":{"line":19,"column":3}},"4":{"start":{"line":15,"column":4},"end":{"line":15,"column":31}},"5":{"start":{"line":16,"column":4},"end":{"line":18,"column":6}}},"fnMap":{"0":{"name":"(anonymous_0)","decl":{"start":{"line":1,"column":30},"end":{"line":1,"column":31}},"loc":{"start":{"line":1,"column":46},"end":{"line":12,"column":1}},"line":1},"1":{"name":"(anonymous_1)","decl":{"start":{"line":14,"column":43},"end":{"line":14,"column":44}},"loc":{"start":{"line":14,"column":59},"end":{"line":19,"column":1}},"line":14}},"branchMap":{},"s":{"0":0,"1":0,"2":0,"3":0,"4":0,"5":0},"f":{"0":0,"1":0},"b":{},"inputSourceMap":null}
,"C:\\Users\\Michael.OConnor\\source\\repos\\Cursor Test\\my-test-app\\src\\components\\MonthYearPicker.tsx": {"path":"C:\\Users\\Michael.OConnor\\source\\repos\\Cursor Test\\my-test-app\\src\\components\\MonthYearPicker.tsx","statementMap":{"0":{"start":{"line":9,"column":56},"end":{"line":52,"column":1}},"1":{"start":{"line":14,"column":19},"end":{"line":17,"column":6}},"2":{"start":{"line":20,"column":24},"end":{"line":20,"column":48}},"3":{"start":{"line":21,"column":18},"end":{"line":23,"column":null}},"4":{"start":{"line":23,"column":18},"end":{"line":23,"column":38}},"5":{"start":{"line":26,"column":4},"end":{"line":51,"column":6}},"6":{"start":{"line":30,"column":33},"end":{"line":30,"column":70}},"7":{"start":{"line":34,"column":20},"end":{"line":34,"column":40}},"8":{"start":{"line":41,"column":33},"end":{"line":41,"column":69}},"9":{"start":{"line":45,"column":20},"end":{"line":45,"column":39}},"10":{"start":{"line":54,"column":0},"end":{"line":54,"column":31}}},"fnMap":{"0":{"name":"(anonymous_0)","decl":{"start":{"line":9,"column":56},"end":{"line":9,"column":57}},"loc":{"start":{"line":13,"column":5},"end":{"line":52,"column":1}}},"1":{"name":"(anonymous_1)","decl":{"start":{"line":23,"column":8},"end":{"line":23,"column":9}},"loc":{"start":{"line":23,"column":18},"end":{"line":23,"column":38}}},"2":{"name":"(anonymous_2)","decl":{"start":{"line":30,"column":26},"end":{"line":30,"column":27}},"loc":{"start":{"line":30,"column":33},"end":{"line":30,"column":70}}},"3":{"name":"(anonymous_3)","decl":{"start":{"line":33,"column":28},"end":{"line":33,"column":29}},"loc":{"start":{"line":34,"column":20},"end":{"line":34,"column":40}}},"4":{"name":"(anonymous_4)","decl":{"start":{"line":41,"column":26},"end":{"line":41,"column":27}},"loc":{"start":{"line":41,"column":33},"end":{"line":41,"column":69}}},"5":{"name":"(anonymous_5)","decl":{"start":{"line":44,"column":27},"end":{"line":44,"column":31}},"loc":{"start":{"line":45,"column":20},"end":{"line":45,"column":39}}}},"branchMap":{},"s":{"0":0,"1":0,"2":0,"3":0,"4":0,"5":0,"6":0,"7":0,"8":0,"9":0,"10":0},"f":{"0":0,"1":0,"2":0,"3":0,"4":0,"5":0},"b":{}}
,"C:\\Users\\Michael.OConnor\\source\\repos\\Cursor Test\\my-test-app\\src\\components\\SideNav.tsx": {"path":"C:\\Users\\Michael.OConnor\\source\\repos\\Cursor Test\\my-test-app\\src\\components\\SideNav.tsx","statementMap":{"0":{"start":{"line":2,"column":0},"end":{"line":2,"column":53}},"1":{"start":{"line":3,"column":0},"end":{"line":3,"column":40}},"2":{"start":{"line":4,"column":0},"end":{"line":4,"column":31}},"3":{"start":{"line":6,"column":26},"end":{"line":38,"column":1}},"4":{"start":{"line":7,"column":21},"end":{"line":7,"column":34}},"5":{"start":{"line":10,"column":21},"end":{"line":12,"column":5}},"6":{"start":{"line":11,"column":8},"end":{"line":11,"column":42}},"7":{"start":{"line":14,"column":4},"end":{"line":37,"column":6}},"8":{"start":{"line":40,"column":0},"end":{"line":40,"column":23}}},"fnMap":{"0":{"name":"(anonymous_1)","decl":{"start":{"line":6,"column":26},"end":{"line":6,"column":29}},"loc":{"start":{"line":6,"column":31},"end":{"line":38,"column":1}}},"1":{"name":"(anonymous_2)","decl":{"start":{"line":10,"column":21},"end":{"line":10,"column":22}},"loc":{"start":{"line":10,"column":38},"end":{"line":12,"column":5}}}},"branchMap":{"0":{"loc":{"start":{"line":20,"column":61},"end":{"line":20,"column":95}},"type":"cond-expr","locations":[{"start":{"line":20,"column":82},"end":{"line":20,"column":90}},{"start":{"line":20,"column":93},"end":{"line":20,"column":95}}]},"1":{"loc":{"start":{"line":23,"column":60},"end":{"line":23,"column":93}},"type":"cond-expr","locations":[{"start":{"line":23,"column":80},"end":{"line":23,"column":88}},{"start":{"line":23,"column":91},"end":{"line":23,"column":93}}]},"2":{"loc":{"start":{"line":26,"column":67},"end":{"line":26,"column":107}},"type":"cond-expr","locations":[{"start":{"line":26,"column":94},"end":{"line":26,"column":102}},{"start":{"line":26,"column":105},"end":{"line":26,"column":107}}]},"3":{"loc":{"start":{"line":29,"column":62},"end":{"line":29,"column":97}},"type":"cond-expr","locations":[{"start":{"line":29,"column":84},"end":{"line":29,"column":92}},{"start":{"line":29,"column":95},"end":{"line":29,"column":97}}]}},"s":{"0":0,"1":0,"2":0,"3":0,"4":0,"5":0,"6":0,"7":0,"8":0},"f":{"0":0,"1":0},"b":{"0":[0,0],"1":[0,0],"2":[0,0],"3":[0,0]}}
,"C:\\Users\\Michael.OConnor\\source\\repos\\Cursor Test\\my-test-app\\src\\components\\ThemeToggle.tsx": {"path":"C:\\Users\\Michael.OConnor\\source\\repos\\Cursor Test\\my-test-app\\src\\components\\ThemeToggle.tsx","statementMap":{"0":{"start":{"line":1,"column":0},"end":{"line":1,"column":52}},"1":{"start":{"line":3,"column":20},"end":{"line":19,"column":1}},"2":{"start":{"line":4,"column":35},"end":{"line":4,"column":45}},"3":{"start":{"line":6,"column":4},"end":{"line":18,"column":6}},"4":{"start":{"line":21,"column":0},"end":{"line":21,"column":27}}},"fnMap":{"0":{"name":"(anonymous_0)","decl":{"start":{"line":3,"column":20},"end":{"line":3,"column":23}},"loc":{"start":{"line":3,"column":25},"end":{"line":19,"column":1}}}},"branchMap":{"0":{"loc":{"start":{"line":12,"column":13},"end":{"line":15,"column":null}},"type":"cond-expr","locations":[{"start":{"line":13,"column":16},"end":{"line":13,"column":71}},{"start":{"line":15,"column":16},"end":{"line":15,"column":70}}]}},"s":{"0":1,"1":1,"2":6,"3":6,"4":1},"f":{"0":6},"b":{"0":[5,1]}}
,"C:\\Users\\Michael.OConnor\\source\\repos\\Cursor Test\\my-test-app\\src\\components\\UserView.tsx": {"path":"C:\\Users\\Michael.OConnor\\source\\repos\\Cursor Test\\my-test-app\\src\\components\\UserView.tsx","statementMap":{"0":{"start":{"line":20,"column":17},"end":{"line":191,"column":1}},"1":{"start":{"line":28,"column":19},"end":{"line":31,"column":6}},"2":{"start":{"line":33,"column":27},"end":{"line":35,"column":5}},"3":{"start":{"line":34,"column":8},"end":{"line":34,"column":78}},"4":{"start":{"line":37,"column":31},"end":{"line":39,"column":5}},"5":{"start":{"line":38,"column":8},"end":{"line":38,"column":73}},"6":{"start":{"line":41,"column":33},"end":{"line":55,"column":5}},"7":{"start":{"line":42,"column":28},"end":{"line":42,"column":56}},"8":{"start":{"line":43,"column":25},"end":{"line":43,"column":57}},"9":{"start":{"line":44,"column":21},"end":{"line":44,"column":23}},"10":{"start":{"line":46,"column":8},"end":{"line":48,"column":9}},"11":{"start":{"line":46,"column":21},"end":{"line":46,"column":22}},"12":{"start":{"line":47,"column":12},"end":{"line":47,"column":28}},"13":{"start":{"line":50,"column":8},"end":{"line":52,"column":9}},"14":{"start":{"line":50,"column":21},"end":{"line":50,"column":22}},"15":{"start":{"line":51,"column":12},"end":{"line":51,"column":25}},"16":{"start":{"line":54,"column":8},"end":{"line":54,"column":20}},"17":{"start":{"line":58,"column":28},"end":{"line":63,"column":5}},"18":{"start":{"line":59,"column":8},"end":{"line":62,"column":9}},"19":{"start":{"line":60,"column":28},"end":{"line":60,"column":94}},"20":{"start":{"line":61,"column":12},"end":{"line":61,"column":34}},"21":{"start":{"line":65,"column":27},"end":{"line":82,"column":5}},"22":{"start":{"line":66,"column":25},"end":{"line":66,"column":91}},"23":{"start":{"line":67,"column":27},"end":{"line":67,"column":63}},"24":{"start":{"line":68,"column":25},"end":{"line":68,"column":52}},"25":{"start":{"line":69,"column":30},"end":{"line":69,"column":82}},"26":{"start":{"line":69,"column":54},"end":{"line":69,"column":81}},"27":{"start":{"line":71,"column":8},"end":{"line":81,"column":10}},"28":{"start":{"line":74,"column":20},"end":{"line":75,"column":null}},"29":{"start":{"line":84,"column":25},"end":{"line":92,"column":5}},"30":{"start":{"line":85,"column":8},"end":{"line":85,"column":31}},"31":{"start":{"line":85,"column":18},"end":{"line":85,"column":31}},"32":{"start":{"line":86,"column":22},"end":{"line":86,"column":32}},"33":{"start":{"line":87,"column":8},"end":{"line":91,"column":10}},"34":{"start":{"line":95,"column":36},"end":{"line":99,"column":5}},"35":{"start":{"line":96,"column":35},"end":{"line":96,"column":67}},"36":{"start":{"line":97,"column":25},"end":{"line":97,"column":52}},"37":{"start":{"line":98,"column":8},"end":{"line":98,"column":76}},"38":{"start":{"line":98,"column":39},"end":{"line":98,"column":74}},"39":{"start":{"line":102,"column":26},"end":{"line":107,"column":5}},"40":{"start":{"line":103,"column":8},"end":{"line":103,"column":41}},"41":{"start":{"line":103,"column":28},"end":{"line":103,"column":41}},"42":{"start":{"line":104,"column":20},"end":{"line":104,"column":30}},"43":{"start":{"line":105,"column":25},"end":{"line":105,"column":68}},"44":{"start":{"line":106,"column":8},"end":{"line":106,"column":30}},"45":{"start":{"line":109,"column":4},"end":{"line":190,"column":6}},"46":{"start":{"line":114,"column":43},"end":{"line":114,"column":60}},"47":{"start":{"line":116,"column":43},"end":{"line":116,"column":59}},"48":{"start":{"line":120,"column":24},"end":{"line":120,"column":39}},"49":{"start":{"line":123,"column":24},"end":{"line":124,"column":null}},"50":{"start":{"line":128,"column":43},"end":{"line":128,"column":70}},"51":{"start":{"line":149,"column":28},"end":{"line":150,"column":null}},"52":{"start":{"line":165,"column":68},"end":{"line":165,"column":99}},"53":{"start":{"line":193,"column":0},"end":{"line":193,"column":24}}},"fnMap":{"0":{"name":"(anonymous_0)","decl":{"start":{"line":20,"column":17},"end":{"line":20,"column":18}},"loc":{"start":{"line":27,"column":20},"end":{"line":191,"column":1}}},"1":{"name":"(anonymous_1)","decl":{"start":{"line":33,"column":27},"end":{"line":33,"column":28}},"loc":{"start":{"line":33,"column":42},"end":{"line":35,"column":5}}},"2":{"name":"(anonymous_2)","decl":{"start":{"line":37,"column":31},"end":{"line":37,"column":32}},"loc":{"start":{"line":37,"column":46},"end":{"line":39,"column":5}}},"3":{"name":"(anonymous_3)","decl":{"start":{"line":41,"column":33},"end":{"line":41,"column":36}},"loc":{"start":{"line":41,"column":38},"end":{"line":55,"column":5}}},"4":{"name":"(anonymous_4)","decl":{"start":{"line":58,"column":28},"end":{"line":58,"column":29}},"loc":{"start":{"line":58,"column":44},"end":{"line":63,"column":5}}},"5":{"name":"(anonymous_5)","decl":{"start":{"line":65,"column":27},"end":{"line":65,"column":28}},"loc":{"start":{"line":65,"column":43},"end":{"line":82,"column":5}}},"6":{"name":"(anonymous_6)","decl":{"start":{"line":69,"column":46},"end":{"line":69,"column":50}},"loc":{"start":{"line":69,"column":54},"end":{"line":69,"column":81}}},"7":{"name":"(anonymous_7)","decl":{"start":{"line":73,"column":35},"end":{"line":73,"column":36}},"loc":{"start":{"line":74,"column":20},"end":{"line":75,"column":null}}},"8":{"name":"(anonymous_8)","decl":{"start":{"line":84,"column":25},"end":{"line":84,"column":26}},"loc":{"start":{"line":84,"column":48},"end":{"line":92,"column":5}}},"9":{"name":"(anonymous_9)","decl":{"start":{"line":95,"column":36},"end":{"line":95,"column":37}},"loc":{"start":{"line":95,"column":51},"end":{"line":99,"column":5}}},"10":{"name":"(anonymous_10)","decl":{"start":{"line":98,"column":31},"end":{"line":98,"column":35}},"loc":{"start":{"line":98,"column":39},"end":{"line":98,"column":74}}},"11":{"name":"(anonymous_11)","decl":{"start":{"line":102,"column":26},"end":{"line":102,"column":27}},"loc":{"start":{"line":102,"column":41},"end":{"line":107,"column":5}}},"12":{"name":"(anonymous_12)","decl":{"start":{"line":114,"column":37},"end":{"line":114,"column":40}},"loc":{"start":{"line":114,"column":43},"end":{"line":114,"column":60}}},"13":{"name":"(anonymous_13)","decl":{"start":{"line":116,"column":37},"end":{"line":116,"column":40}},"loc":{"start":{"line":116,"column":43},"end":{"line":116,"column":59}}},"14":{"name":"(anonymous_14)","decl":{"start":{"line":119,"column":75},"end":{"line":119,"column":78}},"loc":{"start":{"line":120,"column":24},"end":{"line":120,"column":39}}},"15":{"name":"(anonymous_15)","decl":{"start":{"line":122,"column":48},"end":{"line":122,"column":49}},"loc":{"start":{"line":123,"column":24},"end":{"line":124,"column":null}}},"16":{"name":"(anonymous_16)","decl":{"start":{"line":128,"column":37},"end":{"line":128,"column":40}},"loc":{"start":{"line":128,"column":43},"end":{"line":128,"column":70}}},"17":{"name":"(anonymous_17)","decl":{"start":{"line":148,"column":66},"end":{"line":148,"column":67}},"loc":{"start":{"line":149,"column":28},"end":{"line":150,"column":null}}},"18":{"name":"(anonymous_18)","decl":{"start":{"line":165,"column":62},"end":{"line":165,"column":65}},"loc":{"start":{"line":165,"column":68},"end":{"line":165,"column":99}}}},"branchMap":{"0":{"loc":{"start":{"line":59,"column":8},"end":{"line":62,"column":9}},"type":"if","locations":[{"start":{"line":59,"column":8},"end":{"line":62,"column":9}}]},"1":{"loc":{"start":{"line":85,"column":8},"end":{"line":85,"column":31}},"type":"if","locations":[{"start":{"line":85,"column":8},"end":{"line":85,"column":31}}]},"2":{"loc":{"start":{"line":88,"column":12},"end":{"line":90,"column":62}},"type":"binary-expr","locations":[{"start":{"line":88,"column":12},"end":{"line":88,"column":35}},{"start":{"line":89,"column":12},"end":{"line":89,"column":56}},{"start":{"line":90,"column":12},"end":{"line":90,"column":62}}]},"3":{"loc":{"start":{"line":103,"column":8},"end":{"line":103,"column":41}},"type":"if","locations":[{"start":{"line":103,"column":8},"end":{"line":103,"column":41}}]},"4":{"loc":{"start":{"line":125,"column":55},"end":{"line":125,"column":74}},"type":"cond-expr","locations":[{"start":{"line":125,"column":62},"end":{"line":125,"column":69}},{"start":{"line":125,"column":72},"end":{"line":125,"column":74}}]},"5":{"loc":{"start":{"line":126,"column":32},"end":{"line":126,"column":null}},"type":"cond-expr","locations":[{"start":{"line":126,"column":72},"end":{"line":126,"column":82}},{"start":{"line":126,"column":85},"end":{"line":126,"column":null}}]},"6":{"loc":{"start":{"line":126,"column":32},"end":{"line":126,"column":69}},"type":"binary-expr","locations":[{"start":{"line":126,"column":32},"end":{"line":126,"column":35}},{"start":{"line":126,"column":39},"end":{"line":126,"column":69}}]},"7":{"loc":{"start":{"line":127,"column":32},"end":{"line":127,"column":70}},"type":"cond-expr","locations":[{"start":{"line":127,"column":52},"end":{"line":127,"column":65}},{"start":{"line":127,"column":68},"end":{"line":127,"column":70}}]},"8":{"loc":{"start":{"line":127,"column":74},"end":{"line":127,"column":96}},"type":"cond-expr","locations":[{"start":{"line":127,"column":80},"end":{"line":127,"column":91}},{"start":{"line":127,"column":94},"end":{"line":127,"column":96}}]},"9":{"loc":{"start":{"line":128,"column":43},"end":{"line":128,"column":70}},"type":"binary-expr","locations":[{"start":{"line":128,"column":43},"end":{"line":128,"column":46}},{"start":{"line":128,"column":50},"end":{"line":128,"column":70}}]},"10":{"loc":{"start":{"line":131,"column":29},"end":{"line":131,"column":55}},"type":"binary-expr","locations":[{"start":{"line":131,"column":29},"end":{"line":131,"column":32}},{"start":{"line":131,"column":36},"end":{"line":131,"column":55}}]},"11":{"loc":{"start":{"line":143,"column":21},"end":{"line":185,"column":null}},"type":"cond-expr","locations":[{"start":{"line":144,"column":24},"end":{"line":144,"column":null}},{"start":{"line":148,"column":24},"end":{"line":185,"column":26}}]},"12":{"loc":{"start":{"line":152,"column":38},"end":{"line":152,"column":77}},"type":"cond-expr","locations":[{"start":{"line":152,"column":61},"end":{"line":152,"column":72}},{"start":{"line":152,"column":75},"end":{"line":152,"column":77}}]},"13":{"loc":{"start":{"line":153,"column":38},"end":{"line":153,"column":101}},"type":"cond-expr","locations":[{"start":{"line":153,"column":80},"end":{"line":153,"column":96}},{"start":{"line":153,"column":99},"end":{"line":153,"column":101}}]},"14":{"loc":{"start":{"line":153,"column":38},"end":{"line":153,"column":77}},"type":"binary-expr","locations":[{"start":{"line":153,"column":38},"end":{"line":153,"column":52}},{"start":{"line":153,"column":56},"end":{"line":153,"column":77}}]},"15":{"loc":{"start":{"line":154,"column":38},"end":{"line":154,"column":74}},"type":"cond-expr","locations":[{"start":{"line":154,"column":60},"end":{"line":154,"column":69}},{"start":{"line":154,"column":72},"end":{"line":154,"column":74}}]},"16":{"loc":{"start":{"line":171,"column":67},"end":{"line":171,"column":105}},"type":"cond-expr","locations":[{"start":{"line":171,"column":84},"end":{"line":171,"column":100}},{"start":{"line":171,"column":103},"end":{"line":171,"column":105}}]}},"s":{"0":0,"1":0,"2":0,"3":0,"4":0,"5":0,"6":0,"7":0,"8":0,"9":0,"10":0,"11":0,"12":0,"13":0,"14":0,"15":0,"16":0,"17":0,"18":0,"19":0,"20":0,"21":0,"22":0,"23":0,"24":0,"25":0,"26":0,"27":0,"28":0,"29":0,"30":0,"31":0,"32":0,"33":0,"34":0,"35":0,"36":0,"37":0,"38":0,"39":0,"40":0,"41":0,"42":0,"43":0,"44":0,"45":0,"46":0,"47":0,"48":0,"49":0,"50":0,"51":0,"52":0,"53":0},"f":{"0":0,"1":0,"2":0,"3":0,"4":0,"5":0,"6":0,"7":0,"8":0,"9":0,"10":0,"11":0,"12":0,"13":0,"14":0,"15":0,"16":0,"17":0,"18":0},"b":{"0":[0],"1":[0],"2":[0,0,0],"3":[0],"4":[0,0],"5":[0,0],"6":[0,0],"7":[0,0],"8":[0,0],"9":[0,0],"10":[0,0],"11":[0,0],"12":[0,0],"13":[0,0],"14":[0,0],"15":[0,0],"16":[0,0]}}
,"C:\\Users\\Michael.OConnor\\source\\repos\\Cursor Test\\my-test-app\\src\\components\\ui\\button.tsx": {"path":"C:\\Users\\Michael.OConnor\\source\\repos\\Cursor Test\\my-test-app\\src\\components\\ui\\button.tsx","statementMap":{"0":{"start":{"line":58,"column":9},"end":{"line":58,"column":15}},"1":{"start":{"line":2,"column":0},"end":{"line":2,"column":43}},"2":{"start":{"line":3,"column":0},"end":{"line":3,"column":65}},"3":{"start":{"line":5,"column":0},"end":{"line":5,"column":32}},"4":{"start":{"line":7,"column":23},"end":{"line":34,"column":null}},"5":{"start":{"line":58,"column":17},"end":{"line":58,"column":31}},"6":{"start":{"line":47,"column":15},"end":{"line":47,"column":40}},"7":{"start":{"line":49,"column":2},"end":{"line":55,"column":null}}},"fnMap":{"0":{"name":"Button","decl":{"start":{"line":37,"column":9},"end":{"line":37,"column":15}},"loc":{"start":{"line":46,"column":3},"end":{"line":56,"column":1}}}},"branchMap":{"0":{"loc":{"start":{"line":41,"column":2},"end":{"line":41,"column":17}},"type":"default-arg","locations":[{"start":{"line":41,"column":12},"end":{"line":41,"column":17}}]},"1":{"loc":{"start":{"line":47,"column":15},"end":{"line":47,"column":40}},"type":"cond-expr","locations":[{"start":{"line":47,"column":25},"end":{"line":47,"column":29}},{"start":{"line":47,"column":32},"end":{"line":47,"column":40}}]}},"s":{"0":0,"1":0,"2":0,"3":0,"4":0,"5":0,"6":0,"7":0},"f":{"0":0},"b":{"0":[0],"1":[0,0]}}
,"C:\\Users\\Michael.OConnor\\source\\repos\\Cursor Test\\my-test-app\\src\\components\\ui\\calendar.tsx": {"path":"C:\\Users\\Michael.OConnor\\source\\repos\\Cursor Test\\my-test-app\\src\\components\\ui\\calendar.tsx","statementMap":{"0":{"start":{"line":73,"column":9},"end":{"line":73,"column":17}},"1":{"start":{"line":2,"column":0},"end":{"line":2,"column":56}},"2":{"start":{"line":3,"column":0},"end":{"line":3,"column":44}},"3":{"start":{"line":5,"column":0},"end":{"line":5,"column":32}},"4":{"start":{"line":6,"column":0},"end":{"line":6,"column":55}},"5":{"start":{"line":14,"column":2},"end":{"line":70,"column":null}},"6":{"start":{"line":62,"column":10},"end":{"line":62,"column":72}},"7":{"start":{"line":65,"column":10},"end":{"line":65,"column":73}}},"fnMap":{"0":{"name":"Calendar","decl":{"start":{"line":8,"column":9},"end":{"line":8,"column":17}},"loc":{"start":{"line":13,"column":41},"end":{"line":71,"column":1}}},"1":{"name":"(anonymous_1)","decl":{"start":{"line":61,"column":18},"end":{"line":61,"column":19}},"loc":{"start":{"line":62,"column":10},"end":{"line":62,"column":72}}},"2":{"name":"(anonymous_2)","decl":{"start":{"line":64,"column":19},"end":{"line":64,"column":20}},"loc":{"start":{"line":65,"column":10},"end":{"line":65,"column":73}}}},"branchMap":{"0":{"loc":{"start":{"line":11,"column":2},"end":{"line":11,"column":24}},"type":"default-arg","locations":[{"start":{"line":11,"column":20},"end":{"line":11,"column":24}}]},"1":{"loc":{"start":{"line":37,"column":10},"end":{"line":39,"column":51}},"type":"cond-expr","locations":[{"start":{"line":38,"column":14},"end":{"line":38,"column":180}},{"start":{"line":39,"column":14},"end":{"line":39,"column":51}}]}},"s":{"0":0,"1":0,"2":0,"3":0,"4":0,"5":0,"6":0,"7":0},"f":{"0":0,"1":0,"2":0},"b":{"0":[0],"1":[0,0]}}
,"C:\\Users\\Michael.OConnor\\source\\repos\\Cursor Test\\my-test-app\\src\\contexts\\ChoreContext.tsx": {"path":"C:\\Users\\Michael.OConnor\\source\\repos\\Cursor Test\\my-test-app\\src\\contexts\\ChoreContext.tsx","statementMap":{"0":{"start":{"line":1,"column":0},"end":{"line":1,"column":89}},"1":{"start":{"line":2,"column":0},"end":{"line":2,"column":49}},"2":{"start":{"line":21,"column":21},"end":{"line":26,"column":2}},"3":{"start":{"line":29,"column":25},"end":{"line":29,"column":55}},"4":{"start":{"line":29,"column":31},"end":{"line":29,"column":55}},"5":{"start":{"line":29,"column":13},"end":{"line":29,"column":25}},"6":{"start":{"line":36,"column":59},"end":{"line":83,"column":1}},"7":{"start":{"line":37,"column":30},"end":{"line":37,"column":51}},"8":{"start":{"line":38,"column":36},"end":{"line":38,"column":51}},"9":{"start":{"line":39,"column":28},"end":{"line":39,"column":57}},"10":{"start":{"line":42,"column":22},"end":{"line":63,"column":3}},"11":{"start":{"line":43,"column":4},"end":{"line":43,"column":23}},"12":{"start":{"line":44,"column":4},"end":{"line":44,"column":19}},"13":{"start":{"line":46,"column":4},"end":{"line":62,"column":5}},"14":{"start":{"line":47,"column":30},"end":{"line":50,"column":50}},"15":{"start":{"line":52,"column":6},"end":{"line":52,"column":29}},"16":{"start":{"line":52,"column":17},"end":{"line":52,"column":29}},"17":{"start":{"line":54,"column":6},"end":{"line":54,"column":28}},"18":{"start":{"line":55,"column":6},"end":{"line":55,"column":53}},"19":{"start":{"line":57,"column":20},"end":{"line":57,"column":32}},"20":{"start":{"line":58,"column":6},"end":{"line":58,"column":30}},"21":{"start":{"line":59,"column":6},"end":{"line":59,"column":64}},"22":{"start":{"line":61,"column":6},"end":{"line":61,"column":26}},"23":{"start":{"line":66,"column":2},"end":{"line":68,"column":9}},"24":{"start":{"line":67,"column":4},"end":{"line":67,"column":18}},"25":{"start":{"line":71,"column":16},"end":{"line":76,"column":4}},"26":{"start":{"line":78,"column":2},"end":{"line":82,"column":4}},"27":{"start":{"line":36,"column":13},"end":{"line":36,"column":59}},"28":{"start":{"line":85,"column":0},"end":{"line":85,"column":28}}},"fnMap":{"0":{"name":"(anonymous_0)","decl":{"start":{"line":23,"column":15},"end":{"line":23,"column":20}},"loc":{"start":{"line":23,"column":26},"end":{"line":23,"column":29}}},"1":{"name":"(anonymous_1)","decl":{"start":{"line":29,"column":25},"end":{"line":29,"column":28}},"loc":{"start":{"line":29,"column":31},"end":{"line":29,"column":55}}},"2":{"name":"(anonymous_2)","decl":{"start":{"line":36,"column":59},"end":{"line":36,"column":60}},"loc":{"start":{"line":36,"column":76},"end":{"line":83,"column":1}}},"3":{"name":"(anonymous_3)","decl":{"start":{"line":42,"column":22},"end":{"line":42,"column":27}},"loc":{"start":{"line":42,"column":33},"end":{"line":63,"column":3}}},"4":{"name":"(anonymous_4)","decl":{"start":{"line":66,"column":12},"end":{"line":66,"column":15}},"loc":{"start":{"line":66,"column":17},"end":{"line":68,"column":3}}}},"branchMap":{"0":{"loc":{"start":{"line":52,"
[...]
"column":4},"end":{"line":53,"column":5}}]},"3":{"loc":{"start":{"line":65,"column":6},"end":{"line":65,"column":39}},"type":"if","locations":[{"start":{"line":65,"column":6},"end":{"line":65,"column":39}}]},"4":{"loc":{"start":{"line":68,"column":20},"end":{"line":68,"column":75}},"type":"cond-expr","locations":[{"start":{"line":68,"column":56},"end":{"line":68,"column":71}},{"start":{"line":68,"column":74},"end":{"line":68,"column":75}}]},"5":{"loc":{"start":{"line":68,"column":20},"end":{"line":68,"column":53}},"type":"binary-expr","locations":[{"start":{"line":68,"column":20},"end":{"line":68,"column":29}},{"start":{"line":68,"column":33},"end":{"line":68,"column":53}}]},"6":{"loc":{"start":{"line":86,"column":6},"end":{"line":89,"column":7}},"type":"if","locations":[{"start":{"line":86,"column":6},"end":{"line":89,"column":7}}]},"7":{"loc":{"start":{"line":97,"column":6},"end":{"line":99,"column":7}},"type":"if","locations":[{"start":{"line":97,"column":6},"end":{"line":99,"column":7}}]},"8":{"loc":{"start":{"line":116,"column":4},"end":{"line":116,"column":72}},"type":"if","locations":[{"start":{"line":116,"column":4},"end":{"line":116,"column":72}}]},"9":{"loc":{"start":{"line":125,"column":6},"end":{"line":125,"column":29}},"type":"if","locations":[{"start":{"line":125,"column":6},"end":{"line":125,"column":29}}]},"10":{"loc":{"start":{"line":130,"column":6},"end":{"line":132,"column":7}},"type":"if","locations":[{"start":{"line":130,"column":6},"end":{"line":132,"column":7}}]},"11":{"loc":{"start":{"line":154,"column":9},"end":{"line":157,"column":null}},"type":"binary-expr","locations":[{"start":{"line":154,"column":9},"end":{"line":154,"column":14}},{"start":{"line":155,"column":10},"end":{"line":156,"column":null}}]},"12":{"loc":{"start":{"line":160,"column":9},"end":{"line":163,"column":null}},"type":"binary-expr","locations":[{"start":{"line":160,"column":9},"end":{"line":160,"column":23}},{"start":{"line":161,"column":10},"end":{"line":162,"column":null}}]},"13":{"loc":{"start":{"line":208,"column":13},"end":{"line":208,"column":50}},"type":"cond-expr","locations":[{"start":{"line":208,"column":25},"end":{"line":208,"column":36}},{"start":{"line":208,"column":39},"end":{"line":208,"column":50}}]},"14":{"loc":{"start":{"line":217,"column":9},"end":{"line":254,"column":null}},"type":"cond-expr","locations":[{"start":{"line":218,"column":10},"end":{"line":218,"column":63}},{"start":{"line":219,"column":12},"end":{"line":254,"column":null}}]},"15":{"loc":{"start":{"line":217,"column":9},"end":{"line":217,"column":41}},"type":"binary-expr","locations":[{"start":{"line":217,"column":9},"end":{"line":217,"column":18}},{"start":{"line":217,"column":22},"end":{"line":217,"column":41}}]},"16":{"loc":{"start":{"line":219,"column":12},"end":{"line":254,"column":null}},"type":"cond-expr","locations":[{"start":{"line":220,"column":10},"end":{"line":220,"column":85}},{"start":{"line":222,"column":10},"end":{"line":253,"column":null}}]},"17":{"loc":{"start":{"line":240,"column":23},"end":{"line":240,"column":97}},"type":"cond-expr","locations":[{"start":{"line":240,"column":42},"end":{"line":240,"column":89}},{"start":{"line":240,"column":92},"end":{"line":240,"column":97}}]}},"s":{"0":0,"1":0,"2":0,"3":0,"4":0,"5":0,"6":0,"7":0,"8":0,"9":0,"10":0,"11":0,"12":0,"13":0,"14":0,"15":0,"16":0,"17":0,"18":0,"19":0,"20":0,"21":0,"22":0,"23":0,"24":0,"25":0,"26":0,"27":0,"28":0,"29":0,"30":0,"31":0,"32":0,"33":0,"34":0,"35":0,"36":0,"37":0,"38":0,"39":0,"40":0,"41":0,"42":0,"43":0,"44":0,"45":0,"46":0,"47":0,"48":0,"49":0,"50":0,"51":0,"52":0,"53":0,"54":0,"55":0,"56":0,"57":0,"58":0,"59":0,"60":0,"61":0,"62":0,"63":0,"64":0,"65":0,"66":0,"67":0,"68":0,"69":0,"70":0,"71":0,"72":0,"73":0,"74":0,"75":0,"76":0,"77":0,"78":0},"f":{"0":0,"1":0,"2":0,"3":0,"4":0,"5":0,"6":0,"7":0,"8":0,"9":0,"10":0,"11":0,"12":0},"b":{"0":[0],"1":[0,0],"2":[0],"3":[0],"4":[0,0],"5":[0,0],"6":[0],"7":[0],"8":[0],"9":[0],"10":[0],"11":[0,0],"12":[0,0],"13":[0,0],"14":[0,0],"15":[0,0],"16":[0,0],"17":[0,0]}}
,"C:\\Users\\Michael.OConnor\\source\\repos\\Cursor Test\\my-test-app\\src\\pages\\KidProfile.tsx": {"path":"C:\\Users\\Michael.OConnor\\source\\repos\\Cursor Test\\my-test-app\\src\\pages\\KidProfile.tsx","statementMap":{"0":{"start":{"line":1,"column":0},"end":{"line":1,"column":44}},"1":{"start":{"line":2,"column":0},"end":{"line":2,"column":49}},"2":{"start":{"line":20,"column":19},"end":{"line":313,"column":1}},"3":{"start":{"line":21,"column":24},"end":{"line":21,"column":50}},"4":{"start":{"line":22,"column":30},"end":{"line":22,"column":51}},"5":{"start":{"line":23,"column":32},"end":{"line":23,"column":46}},"6":{"start":{"line":24,"column":36},"end":{"line":24,"column":65}},"7":{"start":{"line":25,"column":36},"end":{"line":25,"column":51}},"8":{"start":{"line":27,"column":2},"end":{"line":30,"column":9}},"9":{"start":{"line":28,"column":4},"end":{"line":28,"column":22}},"10":{"start":{"line":29,"column":4},"end":{"line":29,"column":21}},"11":{"start":{"line":33,"column":4},"end":{"line":48,"column":5}},"12":{"start":{"line":34,"column":30},"end":{"line":38,"column":17}},"13":{"start":{"line":40,"column":6},"end":{"line":40,"column":29}},"14":{"start":{"line":40,"column":17},"end":{"line":40,"column":29}},"15":{"start":{"line":42,"column":6},"end":{"line":42,"column":19}},"16":{"start":{"line":43,"column":6},"end":{"line":43,"column":36}},"17":{"start":{"line":45,"column":6},"end":{"line":45,"column":58}},"18":{"start":{"line":47,"column":6},"end":{"line":47,"column":24}},"19":{"start":{"line":52,"column":4},"end":{"line":99,"column":5}},"20":{"start":{"line":53,"column":30},"end":{"line":64,"column":24}},"21":{"start":{"line":66,"column":6},"end":{"line":66,"column":29}},"22":{"start":{"line":66,"column":17},"end":{"line":66,"column":29}},"23":{"start":{"line":68,"column":6},"end":{"line":68,"column":44}},"24":{"start":{"line":71,"column":30},"end":{"line":92,"column":24}},"25":{"start":{"line":73,"column":8},"end":{"line":90,"column":9}},"26":{"start":{"line":74,"column":10},"end":{"line":80,"column":12}},"27":{"start":{"line":81,"column":15},"end":{"line":90,"column":9}},"28":{"start":{"line":83,"column":10},"end":{"line":89,"column":12}},"29":{"start":{"line":91,"column":8},"end":{"line":91,"column":20}},"30":{"start":{"line":94,"column":6},"end":{"line":94,"column":56}},"31":{"start":{"line":96,"column":6},"end":{"line":96,"column":44}},"32":{"start":{"line":98,"column":6},"end":{"line":98,"column":57}},"33":{"start":{"line":104,"column":22},"end":{"line":104,"column":53}},"34":{"start":{"line":105,"column":4},"end":{"line":105,"column":28}},"35":{"start":{"line":106,"column":4},"end":{"line":106,"column":33}},"36":{"start":{"line":107,"column":4},"end":{"line":107,"column":44}},"37":{"start":{"line":108,"column":4},"end":{"line":108,"column":22}},"38":{"start":{"line":112,"column":4},"end":{"line":114,"column":5}},"39":{"start":{"line":113,"column":6},"end":{"line":113,"column":13}},"40":{"start":{"line":116,"column":17},"end":{"line":116,"column":38}},"41":{"start":{"line":119,"column":19},"end":{"line":119,"column":35}},"42":{"start":{"line":120,"column":4},"end":{"line":124,"column":6}},"43":{"start":{"line":121,"column":6},"end":{"line":123,"column":7}},"44":{"start":{"line":122,"column":8},"end":{"line":122,"column":48}},"45":{"start":{"line":125,"column":4},"end":{"line":125,"column":31}},"46":{"start":{"line":128,"column":4},"end":{"line":128,"column":23}},"47":{"start":{"line":132,"column":4},"end":{"line":132,"column":21}},"48":{"start":{"line":132,"column":14},"end":{"line":132,"column":21}},"49":{"start":{"line":134,"column":4},"end":{"line":134,"column":23}},"50":{"start":{"line":136,"column":4},"end":{"line":177,"column":5}},"51":{"start":{"line":139,"column":21},"end":{"line":139,"column":37}},"52":{"start":{"line":142,"column":22},"end":{"line":152,"column":8}},"53":{"start":{"line":143,"column":8},"end":{"line":149,"column":10}},"54":{"start":{"line":144,"column":10},"end":{"line":148,"column":11}},"55":{"start":{"line":145,"column":12},"end":{"line":145,"column":35}},"56":{"start":{"line":147,"column":12},"end":{"line":147,"column":68}},"57":{"start":{"line":150,"column":8},"end":{"line":150,"column":52}},"58":{"start":{"line":150,"column":31},"end":{"line":150,"column":51}},"59":{"start":{"line":151,"column":8},"end":{"line":151,"column":35}},"60":{"start":{"line":155,"column":37},"end":{"line":158,"column":25}},"61":{"start":{"line":160,"column":6},"end":{"line":160,"column":41}},"62":{"start":{"line":160,"column":23},"end":{"line":160,"column":41}},"63":{"start":{"line":163,"column":6},"end":{"line":163,"column":28}},"64":{"start":{"line":166,"column":6},"end":{"line":169,"column":9}},"65":{"start":{"line":171,"column":6},"end":{"line":171,"column":44}},"66":{"start":{"line":173,"column":6},"end":{"line":173,"column":54}},"67":{"start":{"line":174,"column":6},"end":{"line":174,"column":38}},"68":{"start":{"line":176,"column":6},"end":{"line":176,"column":26}},"69":{"start":{"line":181,"column":4},"end":{"line":233,"column":5}},"70":{"start":{"line":182,"column":18},"end":{"line":182,"column":42}},"71":{"start":{"line":185,"column":53},"end":{"line":189,"column":17}},"72":{"start":{"line":191,"column":6},"end":{"line":191,"column":39}},"73":{"start":{"line":191,"column":22},"end":{"line":191,"column":39}},"74":{"start":{"line":194,"column":24},"end":{"line":202,"column":26}},"75":{"start":{"line":204,"column":6},"end":{"line":204,"column":29}},"76":{"start":{"line":204,"column":17},"end":{"line":204,"column":29}},"77":{"start":{"line":209,"column":6},"end":{"line":223,"column":7}},"78":{"start":{"line":211,"column":39},"end":{"line":214,"column":27}},"79":{"start":{"line":216,"column":8},"end":{"line":216,"column":43}},"80":{"start":{"line":216,"column":25},"end":{"line":216,"column":43}},"81":{"start":{"line":219,"column":8},"end":{"line":222,"column":11}},"82":{"start":{"line":226,"column":6},"end":{"line":230,"column":9}},"83":{"start":{"line":227,"column":8},"end":{"line":229,"column":17}},"84":{"start":{"line":232,"column":6},"end":{"line":232,"column":63}},"85":{"start":{"line":236,"column":2},"end":{"line":238,"column":3}},"86":{"start":{"line":237,"column":4},"end":{"line":237,"column":87}},"87":{"start":{"line":240,"column":2},"end":{"line":242,"column":3}},"88":{"start":{"line":241,"column":4},"end":{"line":241,"column":90}},"89":{"start":{"line":244,"column":2},"end":{"line":312,"column":4}},"90":{"start":{"line":291,"column":14},"end":{"line":291,"column":43}},"91":{"start":{"line":295,"column":34},"end":{"line":295,"column":92}},"92":{"start":{"line":315,"column":0},"end":{"line":315,"column":26}}},"fnMap":{"0":{"name":"(anonymous_0)","decl":{"start":{"line":20,"column":19},"end":{"line":20,"column":22}},"loc":{"start":{"line":20,"column":24},"end":{"line":313,"column":1}}},"1":{"name":"(anonymous_1)","decl":{"start":{"line":27,"column":12},"end":{"line":27,"column":15}},"loc":{"start":{"line":27,"column":17},"end":{"line":30,"column":3}}},"2":{"name":"fetchKidProfile","decl":{"start":{"line":32,"column":17},"end":{"line":32,"column":32}},"loc":{"start":{"line":32,"column":32},"end":{"line":49,"column":3}}},"3":{"name":"fetchKidChores","decl":{"start":{"line":51,"column":17},"end":{"line":51,"column":31}},"loc":{"start":{"line":51,"column":31},"end":{"line":100,"column":3}}},"4":{"name":"(anonymous_4)","decl":{"start":{"line":71,"column":39},"end":{"line":71,"column":43}},"loc":{"start":{"line":71,"column":46},"end":{"line":92,"column":7}}},"5":{"name":"handleAvatarClick","decl":{"start":{"line":102,"column":17},"end":{"line":102,"column":34}},"loc":{"start":{"line":102,"column":34},"end":{"line":109,"column":3}}},"6":{"name":"handleAvatarChange","decl":{"start":{"line":111,"column":17},"end":{"line":111,"column":35}},"loc":{"start":{"line":111,"column":46},"end":{"line":129,"column":3}}},"7":{"name":"(anonymous_7)","decl":{"start":{"line":120,"column":20},"end":{"line":120,"column":21}},"loc":{"start":{"line":120,"column":26},"end":{"line":124,"column":5}}},"8":{"name":"uploadAvatar","decl":{"start":{"line":131,"column":17},"end":{"line":131,"column":29}},"loc":{"start":{"line":131,"column":40},"end":{"line":178,"column":3}}},"9":{"name":"(anonymous_9)","decl":{"start":{"line":142,"column":48},"end":{"line":142,"column":49}},"loc":{"start":{"line":142,"column":68},"end":{"line":152,"column":7}}},"10":{"name":"(anonymous_10)","decl":{"start":{"line":143,"column":24},"end":{"line":143,"column":27}},"loc":{"start":{"line":143,"column":29},"end":{"line":149,"column":9}}},"11":{"name":"(anonymous_11)","decl":{"start":{"line":150,"column":25},"end":{"line":150,"column":28}},"loc":{"start":{"line":150,"column":31},"end":{"line":150,"column":51}}},"12":{"name":"toggleChoreCompletion","decl":{"start":{"line":180,"column":17},"end":{"line":180,"column":38}},"loc":{"start":{"line":180,"column":74},"end":{"line":234,"column":3}}},"13":{"name":"(anonymous_13)","decl":{"start":{"line":226,"column":27},"end":{"line":226,"column":32}},"loc":{"start":{"line":227,"column":8},"end":{"line":229,"column":17}}},"14":{"name":"(anonymous_14)","decl":{"start":{"line":290,"column":24},"end":{"line":290,"column":25}},"loc":{"start":{"line":291,"column":14},"end":{"line":291,"column":43}}},"15":{"name":"(anonymous_15)","decl":{"start":{"line":295,"column":28},"end":{"line":295,"column":31}},"loc":{"start":{"line":295,"column":34},"end":{"line":295,"column":92}}}},"branchMap":{"0":{"loc":{"start":{"line":40,"column":6},"end":{"line":40,"column":29}},"type":"if","locations":[{"start":{"line":40,"column":6},"end":{"line":40,"column":29}}]},"1":{"loc":{"start":{"line":66,"column":6},"end":{"line":66,"column":29}},"type":"if","locations":[{"start":{"line":66,"column":6},"end":{"line":66,"column":29}}]},"2":{"loc":{"start":{"line":73,"column":8},"end":{"line":90,"column":9}},"type":"if","locations":[{"start":{"line":73,"column":8},"end":{"line":90,"column":9}},{"start":{"line":81,"column":15},"end":{"line":90,"column":9}}]},"3":{"loc":{"start":{"line":73,"column":12},"end":{"line":73,"column":79}},"type":"binary-expr","locations":[{"start":{"line":73,"column":12},"end":{"line":73,"column":23}},{"start":{"line":73,"column":27},"end":{"line":73,"column":53}},{"start":{"line":73,"column":57},"end":{"line":73,"column":79}}]},"4":{"loc":{"start":{"line":81,"column":15},"end":{"line":90,"column":9}},"type":"if","locations":[{"start":{"line":81,"column":15},"end":{"line":90,"column":9}}]},"5":{"loc":{"start":{"line":81,"column":19},"end":{"line":81,"column":61}},"type":"binary-expr","locations":[{"start":{"line":81,"column":19},"end":{"line":81,"column":30}},{"start":{"line":81,"column":34},"end":{"line":81,"column":61}}]},"6":{"loc":{"start":{"line":112,"column":4},"end":{"line":114,"column":5}},"type":"if","locations":[{"start":{"line":112,"column":4},"end":{"line":114,"column":5}}]},"7":{"loc":{"start":{"line":112,"column":8},"end":{"line":112,"column":62}},"type":"binary-expr","locations":[{"start":{"line":112,"column":8},"end":{"line":112,"column":27}},{"start":{"line":112,"column":31},"end":{"line":112,"column":62}}]},"8":{"loc":{"start":{"line":121,"column":6},"end":{"line":123,"column":7}},"type":"if","locations":[{"start":{"line":121,"column":6},"end":{"line":123,"column":7}}]},"9":{"loc":{"start":{"line":132,"column":4},"end":{"line":132,"column":21}},"type":"if","locations":[{"start":{"line":132,"column":4},"end":{"line":132,"column":21}}]},"10":{"loc":{"start":{"line":144,"column":10},"end":{"line":148,"column":11}},"type":"if","locations":[{"start":{"line":144,"column":10},"end":{"line":148,"column":11}},{"start":{"line":146,"column":17},"end":{"line":148,"column":11}}]},"11":{"loc":{"start":{"line":160,"column":6},"end":{"line":160,"column":41}},"type":"if","locations":[{"start":{"line":160,"column":6},"end":{"line":160,"column":41}}]},"12":{"loc":{"start":{"line":191,"column":6},"end":{"line":191,"column":39}},"type":"if","locations":[{"start":{"line":191,"column":6},"end":{"line":191,"column":39}}]},"13":{"loc":{"start":{"line":200,"column":26},"end":{"line":200,"column":106}},"type":"cond-expr","locations":[{"start":{"line":200,"column":76},"end":{"line":200,"column":79}},{"start":{"line":200,"column":82},"end":{"line":200,"column":106}}]},"14":{"loc":{"start":{"line":200,"column":26},"end":{"line":200,"column":73}},"type":"binary-expr","locations":[{"start":{"line":200,"column":26},"end":{"line":200,"column":36}},{"start":{"line":200,"column":40},"end":{"line":200,"column":73}}]},"15":{"loc":{"start":{"line":204,"column":6},"end":{"line":204,"column":29}},"type":"if","locations":[{"start":{"line":204,"column":6},"end":{"line":204,"column":29}}]},"16":{"loc":{"start":{"line":209,"column":6},"end":{"line":223,"column":7}},"type":"if","locations":[{"start":{"line":209,"column":6},"end":{"line":223,"column":7}}]},"17":{"loc":{"start":{"line":209,"column":10},"end":{"line":209,"column":64}},"type":"binary-expr","locations":[{"start":{"line":209,"column":10},"end":{"line":209,"column":20}},{"start":{"line":209,"column":24},"end":{"line":209,"column":57}},{"start":{"line":209,"column":61},"end":{"line":209,"column":64}}]},"18":{"loc":{"start":{"line":216,"column":8},"end":{"line":216,"column":43}},"type":"if","locations":[{"start":{"line":216,"column":8},"end":{"line":216,"column":43}}]},"19":{"loc":{"start":{"line":227,"column":8},"end":{"line":229,"column":17}},"type":"cond-expr","locations":[{"start":{"line":228,"column":12},"end":{"line":228,"column":47}},{"start":{"line":229,"column":12},"end":{"line":229,"column":17}}]},"20":{"loc":{"start":{"line":236,"column":2},"end":{"line":238,"column":3}},"type":"if","locations":[{"start":{"line":236,"column":2},"end":{"line":238,"column":3}}]},"21":{"loc":{"start":{"line":240,"column":2},"end":{"line":242,"column":3}},"type":"if","locations":[{"start":{"line":240,"column":2},"end":{"line":242,"column":3}}]},"22":{"loc":{"start":{"line":254,"column":15},"end":{"line":257,"column":null}},"type":"binary-expr","locations":[{"start":{"line":254,"column":15},"end":{"line":254,"column":24}},{"start":{"line":255,"column":16},"end":{"line":256,"column":null}}]},"23":{"loc":{"start":{"line":260,"column":15},"end":{"line":271,"column":null}},"type":"cond-expr","locations":[{"start":{"line":261,"column":16},"end":{"line":264,"column":null}},{"start":{"line":267,"column":16},"end":{"line":270,"column":null}}]},"24":{"loc":{"start":{"line":286,"column":9},"end":{"line":308,"column":null}},"type":"cond-expr","locations":[{"start":{"line":287,"column":10},"end":{"line":287,"column":66}},{"start":{"line":289,"column":10},"end":{"line":307,"column":null}}]},"25":{"loc":{"start":{"line":299,"column":43},"end":{"line":299,"column":94}},"type":"cond-expr","locations":[{"start":{"line":299,"column":61},"end":{"line":299,"column":89}},{"start":{"line":299,"column":92},"end":{"line":299,"column":94}}]}},"s":{"0":0,"1":0,"2":0,"3":0,"4":0,"5":0,"6":0,"7":0,"8":0,"9":0,"10":0,"11":0,"12":0,"13":0,"14":0,"15":0,"16":0,"17":0,"18":0,"19":0,"20":0,"21":0,"22":0,"23":0,"24":0,"25":0,"26":0,"27":0,"28":0,"29":0,"30":0,"31":0,"32":0,"33":0,"34":0,"35":0,"36":0,"37":0,"38":0,"39":0,"40":0,"41":0,"42":0,"43":0,"44":0,"45":0,"46":0,"47":0,"48":0,"49":0,"50":0,"51":0,"52":0,"53":0,"54":0,"55":0,"56":0,"57":0,"58":0,"59":0,"60":0,"61":0,"62":0,"63":0,"64":0,"65":0,"66":0,"67":0,"68":0,"69":0,"70":0,"71":0,"72":0,"73":0,"74":0,"75":0,"76":0,"77":0,"78":0,"79":0,"80":0,"81":0,"82":0,"83":0,"84":0,"85":0,"86":0,"87":0,"88":0,"89":0,"90":0,"91":0,"92":0},"f":{"0":0,"1":0,"2":0,"3":0,"4":0,"5":0,"6":0,"7":0,"8":0,"9":0,"10":0,"11":0,"12":0,"13":0,"14":0,"15":0},"b":{"0":[0],"1":[0],"2":[0,0],"3":[0,0,0],"4":[0],"5":[0,0],"6":[0],"7":[0,0],"8":[0],"9":[0],"10":[0,0],"11":[0],"12":[0],"13":[0,0],"14":[0,0],"15":[0],"16":[0],"17":[0,0,0],"18":[0],"19":[0,0],"20":[0],"21":[0],"22":[0,0],"23":[0,0],"24":[0,0],"25":[0,0]}}
}
