{"C:\\Users\\Michael.OConnor\\source\\repos\\Cursor Test\\my-test-app\\src\\service-worker.js": {"path":"C:\\Users\\Michael.OConnor\\source\\repos\\Cursor Test\\my-test-app\\src\\service-worker.js","statementMap":{"0":{"start":{"line":1,"column":0},"end":{"line":12,"column":3}},"1":{"start":{"line":2,"column":20},"end":{"line":7,"column":5}},"2":{"start":{"line":9,"column":4},"end":{"line":11,"column":6}},"3":{"start":{"line":14,"column":0},"end":{"line":19,"column":3}},"4":{"start":{"line":15,"column":4},"end":{"line":15,"column":31}},"5":{"start":{"line":16,"column":4},"end":{"line":18,"column":6}}},"fnMap":{"0":{"name":"(anonymous_0)","decl":{"start":{"line":1,"column":30},"end":{"line":1,"column":31}},"loc":{"start":{"line":1,"column":46},"end":{"line":12,"column":1}},"line":1},"1":{"name":"(anonymous_1)","decl":{"start":{"line":14,"column":43},"end":{"line":14,"column":44}},"loc":{"start":{"line":14,"column":59},"end":{"line":19,"column":1}},"line":14}},"branchMap":{},"s":{"0":0,"1":0,"2":0,"3":0,"4":0,"5":0},"f":{"0":0,"1":0},"b":{},"inputSourceMap":null}
,"C:\\Users\\Michael.OConnor\\source\\repos\\Cursor Test\\my-test-app\\src\\lib\\utils.ts": {"path":"C:\\Users\\Michael.OConnor\\source\\repos\\Cursor Test\\my-test-app\\src\\lib\\utils.ts","statementMap":{"0":{"start":{"line":4,"column":0},"end":{"line":4,"column":16}},"1":{"start":{"line":1,"column":0},"end":{"line":1,"column":44}},"2":{"start":{"line":2,"column":0},"end":{"line":2,"column":40}},"3":{"start":{"line":5,"column":2},"end":{"line":5,"column":null}}},"fnMap":{"0":{"name":"cn","decl":{"start":{"line":4,"column":16},"end":{"line":4,"column":18}},"loc":{"start":{"line":4,"column":42},"end":{"line":6,"column":1}}}},"branchMap":{},"s":{"0":0,"1":0,"2":0,"3":0},"f":{"0":0},"b":{}}
}
