TN:
SF:src\App.tsx
FN:72,App
FN:118,(anonymous_2)
FN:122,(anonymous_3)
FN:127,(anonymous_4)
FN:146,(anonymous_5)
FN:151,(anonymous_6)
FN:180,(anonymous_7)
FN:197,(anonymous_8)
FN:208,(anonymous_9)
FN:209,fetchData
FN:219,(anonymous_11)
FN:237,(anonymous_12)
FN:256,(anonymous_13)
FN:258,(anonymous_14)
FN:259,(anonymous_15)
FN:295,(anonymous_16)
FN:372,(anonymous_17)
FN:384,(anonymous_18)
FN:386,(anonymous_19)
FN:407,(anonymous_20)
FN:422,(anonymous_21)
FN:427,(anonymous_22)
FN:435,(anonymous_23)
FN:493,(anonymous_24)
FN:496,(anonymous_25)
FN:497,(anonymous_26)
FN:508,(anonymous_27)
FN:519,(anonymous_28)
FN:525,(anonymous_29)
FN:529,(anonymous_30)
FN:535,(anonymous_31)
FN:539,(anonymous_32)
FN:544,(anonymous_33)
FN:551,(anonymous_34)
FN:555,(anonymous_35)
FN:567,(anonymous_36)
FN:578,(anonymous_37)
FN:586,(anonymous_38)
FN:592,(anonymous_39)
FN:593,(anonymous_40)
FN:603,(anonymous_41)
FN:605,(anonymous_42)
FN:629,(anonymous_43)
FN:682,(anonymous_44)
FN:687,(anonymous_45)
FN:688,(anonymous_46)
FN:695,(anonymous_47)
FN:700,(anonymous_48)
FN:725,(anonymous_49)
FN:763,(anonymous_50)
FN:765,(anonymous_51)
FN:768,(anonymous_52)
FN:771,(anonymous_53)
FN:777,(anonymous_54)
FN:790,(anonymous_55)
FN:792,(anonymous_56)
FN:798,(anonymous_57)
FN:810,(anonymous_58)
FN:816,(anonymous_59)
FN:818,(anonymous_60)
FN:824,(anonymous_61)
FN:834,(anonymous_62)
FN:848,(anonymous_63)
FN:864,(anonymous_64)
FN:882,(anonymous_65)
FN:891,(anonymous_66)
FN:912,(anonymous_67)
FN:918,(anonymous_68)
FN:934,(anonymous_69)
FN:940,(anonymous_70)
FNF:70
FNH:0
FNDA:0,App
FNDA:0,(anonymous_2)
FNDA:0,(anonymous_3)
FNDA:0,(anonymous_4)
FNDA:0,(anonymous_5)
FNDA:0,(anonymous_6)
FNDA:0,(anonymous_7)
FNDA:0,(anonymous_8)
FNDA:0,(anonymous_9)
FNDA:0,fetchData
FNDA:0,(anonymous_11)
FNDA:0,(anonymous_12)
FNDA:0,(anonymous_13)
FNDA:0,(anonymous_14)
FNDA:0,(anonymous_15)
FNDA:0,(anonymous_16)
FNDA:0,(anonymous_17)
FNDA:0,(anonymous_18)
FNDA:0,(anonymous_19)
FNDA:0,(anonymous_20)
FNDA:0,(anonymous_21)
FNDA:0,(anonymous_22)
FNDA:0,(anonymous_23)
FNDA:0,(anonymous_24)
FNDA:0,(anonymous_25)
FNDA:0,(anonymous_26)
FNDA:0,(anonymous_27)
FNDA:0,(anonymous_28)
FNDA:0,(anonymous_29)
FNDA:0,(anonymous_30)
FNDA:0,(anonymous_31)
FNDA:0,(anonymous_32)
FNDA:0,(anonymous_33)
FNDA:0,(anonymous_34)
FNDA:0,(anonymous_35)
FNDA:0,(anonymous_36)
FNDA:0,(anonymous_37)
FNDA:0,(anonymous_38)
FNDA:0,(anonymous_39)
FNDA:0,(anonymous_40)
FNDA:0,(anonymous_41)
FNDA:0,(anonymous_42)
FNDA:0,(anonymous_43)
FNDA:0,(anonymous_44)
FNDA:0,(anonymous_45)
FNDA:0,(anonymous_46)
FNDA:0,(anonymous_47)
FNDA:0,(anonymous_48)
FNDA:0,(anonymous_49)
FNDA:0,(anonymous_50)
FNDA:0,(anonymous_51)
FNDA:0,(anonymous_52)
FNDA:0,(anonymous_53)
FNDA:0,(anonymous_54)
FNDA:0,(anonymous_55)
FNDA:0,(anonymous_56)
FNDA:0,(anonymous_57)
FNDA:0,(anonymous_58)
FNDA:0,(anonymous_59)
FNDA:0,(anonymous_60)
FNDA:0,(anonymous_61)
FNDA:0,(anonymous_62)
FNDA:0,(anonymous_63)
FNDA:0,(anonymous_64)
FNDA:0,(anonymous_65)
FNDA:0,(anonymous_66)
FNDA:0,(anonymous_67)
FNDA:0,(anonymous_68)
FNDA:0,(anonymous_69)
FNDA:0,(anonymous_70)
DA:1,0
DA:2,0
DA:3,0
DA:4,0
DA:5,0
DA:6,0
DA:8,0
DA:9,0
DA:10,0
DA:13,0
DA:23,0
DA:74,0
DA:77,0
DA:78,0
DA:79,0
DA:82,0
DA:83,0
DA:86,0
DA:87,0
DA:88,0
DA:89,0
DA:90,0
DA:97,0
DA:100,0
DA:103,0
DA:106,0
DA:109,0
DA:111,0
DA:118,0
DA:119,0
DA:122,0
DA:123,0
DA:127,0
DA:128,0
DA:129,0
DA:130,0
DA:133,0
DA:134,0
DA:138,0
DA:139,0
DA:142,0
DA:146,0
DA:147,0
DA:151,0
DA:152,0
DA:153,0
DA:154,0
DA:157,0
DA:158,0
DA:161,0
DA:162,0
DA:164,0
DA:165,0
DA:167,0
DA:168,0
DA:170,0
DA:171,0
DA:173,0
DA:174,0
DA:176,0
DA:180,0
DA:181,0
DA:182,0
DA:187,0
DA:188,0
DA:189,0
DA:192,0
DA:193,0
DA:196,0
DA:197,0
DA:198,0
DA:199,0
DA:203,0
DA:208,0
DA:211,0
DA:215,0
DA:216,0
DA:217,0
DA:219,0
DA:223,0
DA:224,0
DA:225,0
DA:230,0
DA:233,0
DA:237,0
DA:238,0
DA:239,0
DA:240,0
DA:241,0
DA:244,0
DA:252,0
DA:254,0
DA:256,0
DA:257,0
DA:258,0
DA:259,0
DA:260,0
DA:271,0
DA:275,0
DA:280,0
DA:281,0
DA:283,0
DA:295,0
DA:296,0
DA:298,0
DA:304,0
DA:305,0
DA:308,0
DA:315,0
DA:316,0
DA:317,0
DA:321,0
DA:329,0
DA:331,0
DA:336,0
DA:337,0
DA:339,0
DA:340,0
DA:343,0
DA:353,0
DA:354,0
DA:357,0
DA:360,0
DA:363,0
DA:365,0
DA:366,0
DA:367,0
DA:372,0
DA:373,0
DA:375,0
DA:378,0
DA:379,0
DA:384,0
DA:385,0
DA:386,0
DA:387,0
DA:388,0
DA:394,0
DA:395,0
DA:397,0
DA:400,0
DA:401,0
DA:407,0
DA:412,0
DA:416,0
DA:417,0
DA:422,0
DA:424,0
DA:427,0
DA:428,0
DA:429,0
DA:433,0
DA:435,0
DA:436,0
DA:438,0
DA:439,0
DA:440,0
DA:443,0
DA:450,0
DA:451,0
DA:452,0
DA:456,0
DA:458,0
DA:464,0
DA:465,0
DA:466,0
DA:470,0
DA:477,0
DA:478,0
DA:479,0
DA:481,0
DA:484,0
DA:489,0
DA:493,0
DA:494,0
DA:496,0
DA:497,0
DA:499,0
DA:500,0
DA:503,0
DA:507,0
DA:508,0
DA:509,0
DA:510,0
DA:511,0
DA:515,0
DA:519,0
DA:521,0
DA:524,0
DA:525,0
DA:529,0
DA:530,0
DA:531,0
DA:533,0
DA:534,0
DA:535,0
DA:539,0
DA:540,0
DA:544,0
DA:546,0
DA:547,0
DA:550,0
DA:551,0
DA:553,0
DA:556,0
DA:567,0
DA:568,0
DA:569,0
DA:570,0
DA:578,0
DA:579,0
DA:580,0
DA:581,0
DA:582,0
DA:586,0
DA:588,0
DA:589,0
DA:592,0
DA:593,0
DA:594,0
DA:595,0
DA:596,0
DA:601,0
DA:603,0
DA:604,0
DA:605,0
DA:607,0
DA:609,0
DA:610,0
DA:612,0
DA:618,0
DA:619,0
DA:623,0
DA:629,0
DA:630,0
DA:632,0
DA:633,0
DA:634,0
DA:637,0
DA:644,0
DA:645,0
DA:646,0
DA:650,0
DA:652,0
DA:658,0
DA:659,0
DA:660,0
DA:664,0
DA:671,0
DA:672,0
DA:674,0
DA:677,0
DA:682,0
DA:683,0
DA:687,0
DA:688,0
DA:695,0
DA:696,0
DA:700,0
DA:701,0
DA:703,0
DA:704,0
DA:708,0
DA:710,0
DA:712,0
DA:713,0
DA:714,0
DA:716,0
DA:719,0
DA:720,0
DA:725,0
DA:726,0
DA:728,0
DA:729,0
DA:732,0
DA:734,0
DA:735,0
DA:736,0
DA:739,0
DA:752,0
DA:759,0
DA:763,0
DA:765,0
DA:769,0
DA:772,0
DA:777,0
DA:791,0
DA:792,0
DA:793,0
DA:799,0
DA:810,0
DA:817,0
DA:818,0
DA:819,0
DA:825,0
DA:834,0
DA:848,0
DA:865,0
DA:882,0
DA:891,0
DA:912,0
DA:918,0
DA:934,0
DA:940,0
DA:954,0
DA:995,0
LF:306
LH:0
BRDA:162,0,0,0
BRDA:162,0,1,0
BRDA:162,0,2,0
BRDA:187,1,0,0
BRDA:192,2,0,0
BRDA:192,2,1,0
BRDA:196,3,0,0
BRDA:198,4,0,0
BRDA:215,5,0,0
BRDA:215,5,1,0
BRDA:217,6,0,0
BRDA:224,7,0,0
BRDA:239,8,0,0
BRDA:239,9,0,0
BRDA:239,9,1,0
BRDA:252,10,0,0
BRDA:252,10,1,0
BRDA:254,11,0,0
BRDA:254,11,1,0
BRDA:254,12,0,0
BRDA:254,12,1,0
BRDA:260,13,0,0
BRDA:260,13,1,0
BRDA:275,14,0,0
BRDA:275,14,1,0
BRDA:304,15,0,0
BRDA:304,15,1,0
BRDA:304,16,0,0
BRDA:304,16,1,0
BRDA:315,17,0,0
BRDA:315,18,0,0
BRDA:315,18,1,0
BRDA:336,19,0,0
BRDA:339,20,0,0
BRDA:353,21,0,0
BRDA:366,22,0,0
BRDA:366,22,1,0
BRDA:373,23,0,0
BRDA:378,24,0,0
BRDA:378,24,1,0
BRDA:394,25,0,0
BRDA:394,25,1,0
BRDA:409,26,0,0
BRDA:409,26,1,0
BRDA:428,27,0,0
BRDA:433,28,0,0
BRDA:450,29,0,0
BRDA:464,30,0,0
BRDA:477,31,0,0
BRDA:477,31,1,0
BRDA:499,32,0,0
BRDA:507,33,0,0
BRDA:535,34,0,0
BRDA:535,34,1,0
BRDA:568,35,0,0
BRDA:571,36,0,0
BRDA:571,36,1,0
BRDA:571,36,2,0
BRDA:579,37,0,0
BRDA:594,38,0,0
BRDA:601,39,0,0
BRDA:601,40,0,0
BRDA:601,40,1,0
BRDA:607,41,0,0
BRDA:618,42,0,0
BRDA:644,43,0,0
BRDA:658,44,0,0
BRDA:671,45,0,0
BRDA:671,45,1,0
BRDA:703,46,0,0
BRDA:710,47,0,0
BRDA:710,47,1,0
BRDA:726,48,0,0
BRDA:734,49,0,0
BRDA:774,50,0,0
BRDA:774,50,1,0
BRDA:775,51,0,0
BRDA:775,51,1,0
BRDA:775,52,0,0
BRDA:775,52,1,0
BRDA:776,53,0,0
BRDA:776,53,1,0
BRDA:777,54,0,0
BRDA:777,54,1,0
BRDA:780,55,0,0
BRDA:780,55,1,0
BRDA:789,56,0,0
BRDA:789,56,1,0
BRDA:792,57,0,0
BRDA:792,57,1,0
BRDA:815,58,0,0
BRDA:815,58,1,0
BRDA:818,59,0,0
BRDA:818,59,1,0
BRDA:833,60,0,0
BRDA:833,60,1,0
BRDA:835,61,0,0
BRDA:835,61,1,0
BRDA:842,62,0,0
BRDA:842,62,1,0
BRDA:842,62,2,0
BRDA:848,63,0,0
BRDA:848,63,1,0
BRDA:857,64,0,0
BRDA:857,64,1,0
BRDA:859,65,0,0
BRDA:859,65,1,0
BRDA:868,66,0,0
BRDA:868,66,1,0
BRDA:869,67,0,0
BRDA:869,67,1,0
BRDA:869,68,0,0
BRDA:869,68,1,0
BRDA:870,69,0,0
BRDA:870,69,1,0
BRDA:890,70,0,0
BRDA:890,70,1,0
BRDA:898,71,0,0
BRDA:898,71,1,0
BRDA:928,72,0,0
BRDA:928,72,1,0
BRF:121
BRH:0
end_of_record
TN:
SF:src\service-worker.js
FN:1,(anonymous_0)
FN:14,(anonymous_1)
FNF:2
FNH:0
FNDA:0,(anonymous_0)
FNDA:0,(anonymous_1)
DA:1,0
DA:2,0
DA:9,0
DA:14,0
DA:15,0
DA:16,0
LF:6
LH:0
BRF:0
BRH:0
end_of_record
TN:
SF:src\components\MonthYearPicker.tsx
FN:9,(anonymous_0)
FN:23,(anonymous_1)
FN:30,(anonymous_2)
FN:33,(anonymous_3)
FN:41,(anonymous_4)
FN:44,(anonymous_5)
FNF:6
FNH:0
FNDA:0,(anonymous_0)
FNDA:0,(anonymous_1)
FNDA:0,(anonymous_2)
FNDA:0,(anonymous_3)
FNDA:0,(anonymous_4)
FNDA:0,(anonymous_5)
DA:9,0
DA:14,0
DA:20,0
DA:21,0
DA:23,0
DA:26,0
DA:30,0
DA:34,0
DA:41,0
DA:45,0
DA:54,0
LF:11
LH:0
BRF:0
BRH:0
end_of_record
TN:
SF:src\components\SideNav.tsx
FN:6,(anonymous_1)
FN:10,(anonymous_2)
FNF:2
FNH:0
FNDA:0,(anonymous_1)
FNDA:0,(anonymous_2)
DA:2,0
DA:3,0
DA:4,0
DA:6,0
DA:7,0
DA:10,0
DA:11,0
DA:14,0
DA:40,0
LF:9
LH:0
BRDA:20,0,0,0
BRDA:20,0,1,0
BRDA:23,1,0,0
BRDA:23,1,1,0
BRDA:26,2,0,0
BRDA:26,2,1,0
BRDA:29,3,0,0
BRDA:29,3,1,0
BRF:8
BRH:0
end_of_record
TN:
SF:src\components\ThemeToggle.tsx
FN:3,(anonymous_0)
FNF:1
FNH:1
FNDA:6,(anonymous_0)
DA:1,1
DA:3,1
DA:4,6
DA:6,6
DA:21,1
LF:5
LH:5
BRDA:12,0,0,5
BRDA:12,0,1,1
BRF:2
BRH:2
end_of_record
TN:
SF:src\components\UserView.tsx
FN:20,(anonymous_0)
FN:33,(anonymous_1)
FN:37,(anonymous_2)
FN:41,(anonymous_3)
FN:58,(anonymous_4)
FN:65,(anonymous_5)
FN:69,(anonymous_6)
FN:73,(anonymous_7)
FN:84,(anonymous_8)
FN:95,(anonymous_9)
FN:98,(anonymous_10)
FN:102,(anonymous_11)
FN:114,(anonymous_12)
FN:116,(anonymous_13)
FN:119,(anonymous_14)
FN:122,(anonymous_15)
FN:128,(anonymous_16)
FN:148,(anonymous_17)
FN:165,(anonymous_18)
FNF:19
FNH:0
FNDA:0,(anonymous_0)
FNDA:0,(anonymous_1)
FNDA:0,(anonymous_2)
FNDA:0,(anonymous_3)
FNDA:0,(anonymous_4)
FNDA:0,(anonymous_5)
FNDA:0,(anonymous_6)
FNDA:0,(anonymous_7)
FNDA:0,(anonymous_8)
FNDA:0,(anonymous_9)
FNDA:0,(anonymous_10)
FNDA:0,(anonymous_11)
FNDA:0,(anonymous_12)
FNDA:0,(anonymous_13)
FNDA:0,(anonymous_14)
FNDA:0,(anonymous_15)
FNDA:0,(anonymous_16)
FNDA:0,(anonymous_17)
FNDA:0,(anonymous_18)
DA:20,0
DA:28,0
DA:33,0
DA:34,0
DA:37,0
DA:38,0
DA:41,0
DA:42,0
DA:43,0
DA:44,0
DA:46,0
DA:47,0
DA:50,0
DA:51,0
DA:54,0
DA:58,0
DA:59,0
DA:60,0
DA:61,0
DA:65,0
DA:66,0
DA:67,0
DA:68,0
DA:69,0
DA:71,0
DA:74,0
DA:84,0
DA:85,0
DA:86,0
DA:87,0
DA:95,0
DA:96,0
DA:97,0
DA:98,0
DA:102,0
DA:103,0
DA:104,0
DA:105,0
DA:106,0
DA:109,0
DA:114,0
DA:116,0
DA:120,0
DA:123,0
DA:128,0
DA:149,0
DA:165,0
DA:193,0
LF:48
LH:0
BRDA:59,0,0,0
BRDA:85,1,0,0
BRDA:88,2,0,0
BRDA:88,2,1,0
BRDA:88,2,2,0
BRDA:103,3,0,0
BRDA:125,4,0,0
BRDA:125,4,1,0
BRDA:126,5,0,0
BRDA:126,5,1,0
BRDA:126,6,0,0
BRDA:126,6,1,0
BRDA:127,7,0,0
BRDA:127,7,1,0
BRDA:127,8,0,0
BRDA:127,8,1,0
BRDA:128,9,0,0
BRDA:128,9,1,0
BRDA:131,10,0,0
BRDA:131,10,1,0
BRDA:143,11,0,0
BRDA:143,11,1,0
BRDA:152,12,0,0
BRDA:152,12,1,0
BRDA:153,13,0,0
BRDA:153,13,1,0
BRDA:153,14,0,0
BRDA:153,14,1,0
BRDA:154,15,0,0
BRDA:154,15,1,0
BRDA:171,16,0,0
BRDA:171,16,1,0
BRF:32
BRH:0
end_of_record
TN:
SF:src\components\ui\button.tsx
FN:37,Button
FNF:1
FNH:0
FNDA:0,Button
DA:2,0
DA:3,0
DA:5,0
DA:7,0
DA:47,0
DA:49,0
DA:58,0
LF:7
LH:0
BRDA:41,0,0,0
BRDA:47,1,0,0
BRDA:47,1,1,0
BRF:3
BRH:0
end_of_record
TN:
SF:src\components\ui\calendar.tsx
FN:8,Calendar
FN:61,(anonymous_1)
FN:64,(anonymous_2)
FNF:3
FNH:0
FNDA:0,Calendar
FNDA:0,(anonymous_1)
FNDA:0,(anonymous_2)
DA:2,0
DA:3,0
DA:5,0
DA:6,0
DA:14,0
DA:62,0
DA:65,0
DA:73,0
LF:8
LH:0
BRDA:11,0,0,0
BRDA:37,1,0,0
BRDA:37,1,1,0
BRF:3
BRH:0
end_of_record
TN:
SF:src\contexts\ChoreContext.tsx
FN:23,(anonymous_0)
FN:29,(anonymous_1)
FN:36,(anonymous_2)
FN:42,(anonymous_3)
FN:66,(anonymous_4)
FNF:5
FNH:0
FNDA:0,(anonymous_0)
FNDA:0,(anonymous_1)
FNDA:0,(anonymous_2)
FNDA:0,(anonymous_3)
FNDA:0,(anonymous_4)
DA:1,0
DA:2,0
DA:21,0
DA:29,0
DA:36,0
DA:37,0
DA:38,0
DA:39,0
DA:42,0
DA:43,0
DA:44,0
DA:46,0
DA:47,0
DA:52,0
DA:54,0
DA:55,0
DA:57,0
DA:58,0
DA:59,0
DA:61,0
DA:66,0
DA:67,0
DA:71,0
DA:78,0
DA:85,0
LF:25
LH:0
BRDA:52,0,0,0
BRDA:54,1,0,0
BRDA:54,1,1,0
BRF:3
BRH:0
end_of_record
TN:
SF:src\contexts\ThemeContext.tsx
FN:12,ThemeProvider
FN:13,(anonymous_1)
FN:23,(anonymous_2)
FN:29,(anonymous_3)
FN:30,(anonymous_4)
FN:40,useTheme
FNF:6
FNH:6
FNDA:11,ThemeProvider
FNDA:9,(anonymous_1)
FNDA:11,(anonymous_2)
FNDA:2,(anonymous_3)
FNDA:2,(anonymous_4)
FNDA:16,useTheme
DA:1,2
DA:10,2
DA:12,2
DA:13,11
DA:15,9
DA:17,9
DA:18,6
DA:20,3
DA:23,11
DA:25,11
DA:26,11
DA:29,11
DA:30,2
DA:33,11
DA:40,2
DA:41,16
DA:42,15
DA:43,4
DA:45,11
LF:19
LH:19
BRDA:17,0,0,6
BRDA:18,1,0,0
BRDA:18,1,1,6
BRDA:30,2,0,2
BRDA:30,2,1,0
BRDA:42,3,0,4
BRF:6
BRH:4
end_of_record
TN:
SF:src\lib\utils.ts
FN:4,cn
FNF:1
FNH:0
FNDA:0,cn
DA:1,0
DA:2,0
DA:4,0
DA:5,0
LF:4
LH:0
BRF:0
BRH:0
end_of_record
TN:
SF:src\pages\ChoresManager.tsx
FN:15,(anonymous_0)
FN:24,(anonymous_1)
FN:28,(anonymous_2)
FN:47,(anonymous_3)
FN:105,(anonymous_4)
FN:115,(anonymous_5)
FN:127,(anonymous_6)
FN:127,(anonymous_7)
FN:136,(anonymous_8)
FN:176,(anonymous_9)
FN:191,(anonymous_10)
FN:233,(anonymous_11)
FN:244,(anonymous_12)
FNF:13
FNH:0
FNDA:0,(anonymous_0)
FNDA:0,(anonymous_1)
FNDA:0,(anonymous_2)
FNDA:0,(anonymous_3)
FNDA:0,(anonymous_4)
FNDA:0,(anonymous_5)
FNDA:0,(anonymous_6)
FNDA:0,(anonymous_7)
FNDA:0,(anonymous_8)
FNDA:0,(anonymous_9)
FNDA:0,(anonymous_10)
FNDA:0,(anonymous_11)
FNDA:0,(anonymous_12)
DA:1,0
DA:2,0
DA:15,0
DA:16,0
DA:17,0
DA:18,0
DA:19,0
DA:20,0
DA:21,0
DA:24,0
DA:25,0
DA:28,0
DA:29,0
DA:30,0
DA:31,0
DA:36,0
DA:37,0
DA:39,0
DA:40,0
DA:41,0
DA:43,0
DA:47,0
DA:48,0
DA:50,0
DA:51,0
DA:52,0
DA:55,0
DA:56,0
DA:58,0
DA:60,0
DA:65,0
DA:68,0
DA:69,0
DA:71,0
DA:74,0
DA:86,0
DA:87,0
DA:88,0
DA:91,0
DA:94,0
DA:97,0
DA:98,0
DA:101,0
DA:102,0
DA:103,0
DA:105,0
DA:107,0
DA:108,0
DA:109,0
DA:111,0
DA:115,0
DA:116,0
DA:118,0
DA:119,0
DA:120,0
DA:125,0
DA:127,0
DA:130,0
DA:131,0
DA:134,0
DA:136,0
DA:138,0
DA:139,0
DA:140,0
DA:142,0
DA:146,0
DA:176,0
DA:191,0
DA:234,0
DA:244,0
DA:261,0
LF:71
LH:0
BRDA:36,0,0,0
BRDA:37,1,0,0
BRDA:37,1,1,0
BRDA:50,2,0,0
BRDA:65,3,0,0
BRDA:68,4,0,0
BRDA:68,4,1,0
BRDA:68,5,0,0
BRDA:68,5,1,0
BRDA:86,6,0,0
BRDA:97,7,0,0
BRDA:116,8,0,0
BRDA:125,9,0,0
BRDA:130,10,0,0
BRDA:154,11,0,0
BRDA:154,11,1,0
BRDA:160,12,0,0
BRDA:160,12,1,0
BRDA:208,13,0,0
BRDA:208,13,1,0
BRDA:217,14,0,0
BRDA:217,14,1,0
BRDA:217,15,0,0
BRDA:217,15,1,0
BRDA:219,16,0,0
BRDA:219,16,1,0
BRDA:240,17,0,0
BRDA:240,17,1,0
BRF:28
BRH:0
end_of_record
TN:
SF:src\pages\KidProfile.tsx
FN:20,(anonymous_0)
FN:27,(anonymous_1)
FN:32,fetchKidProfile
FN:51,fetchKidChores
FN:71,(anonymous_4)
FN:102,handleAvatarClick
FN:111,handleAvatarChange
FN:120,(anonymous_7)
FN:131,uploadAvatar
FN:142,(anonymous_9)
FN:143,(anonymous_10)
FN:150,(anonymous_11)
FN:180,toggleChoreCompletion
FN:226,(anonymous_13)
FN:290,(anonymous_14)
FN:295,(anonymous_15)
FNF:16
FNH:0
FNDA:0,(anonymous_0)
FNDA:0,(anonymous_1)
FNDA:0,fetchKidProfile
FNDA:0,fetchKidChores
FNDA:0,(anonymous_4)
FNDA:0,handleAvatarClick
FNDA:0,handleAvatarChange
FNDA:0,(anonymous_7)
FNDA:0,uploadAvatar
FNDA:0,(anonymous_9)
FNDA:0,(anonymous_10)
FNDA:0,(anonymous_11)
FNDA:0,toggleChoreCompletion
FNDA:0,(anonymous_13)
FNDA:0,(anonymous_14)
FNDA:0,(anonymous_15)
DA:1,0
DA:2,0
DA:20,0
DA:21,0
DA:22,0
DA:23,0
DA:24,0
DA:25,0
DA:27,0
DA:28,0
DA:29,0
DA:33,0
DA:34,0
DA:40,0
DA:42,0
DA:43,0
DA:45,0
DA:47,0
DA:52,0
DA:53,0
DA:66,0
DA:68,0
DA:71,0
DA:73,0
DA:74,0
DA:81,0
DA:83,0
DA:91,0
DA:94,0
DA:96,0
DA:98,0
DA:104,0
DA:105,0
DA:106,0
DA:107,0
DA:108,0
DA:112,0
DA:113,0
DA:116,0
DA:119,0
DA:120,0
DA:121,0
DA:122,0
DA:125,0
DA:128,0
DA:132,0
DA:134,0
DA:136,0
DA:139,0
DA:142,0
DA:143,0
DA:144,0
DA:145,0
DA:147,0
DA:150,0
DA:151,0
DA:155,0
DA:160,0
DA:163,0
DA:166,0
DA:171,0
DA:173,0
DA:174,0
DA:176,0
DA:181,0
DA:182,0
DA:185,0
DA:191,0
DA:194,0
DA:204,0
DA:209,0
DA:211,0
DA:216,0
DA:219,0
DA:226,0
DA:227,0
DA:232,0
DA:236,0
DA:237,0
DA:240,0
DA:241,0
DA:244,0
DA:291,0
DA:295,0
DA:315,0
LF:85
LH:0
BRDA:40,0,0,0
BRDA:66,1,0,0
BRDA:73,2,0,0
BRDA:73,2,1,0
BRDA:73,3,0,0
BRDA:73,3,1,0
BRDA:73,3,2,0
BRDA:81,4,0,0
BRDA:81,5,0,0
BRDA:81,5,1,0
BRDA:112,6,0,0
BRDA:112,7,0,0
BRDA:112,7,1,0
BRDA:121,8,0,0
BRDA:132,9,0,0
BRDA:144,10,0,0
BRDA:144,10,1,0
BRDA:160,11,0,0
BRDA:191,12,0,0
BRDA:200,13,0,0
BRDA:200,13,1,0
BRDA:200,14,0,0
BRDA:200,14,1,0
BRDA:204,15,0,0
BRDA:209,16,0,0
BRDA:209,17,0,0
BRDA:209,17,1,0
BRDA:209,17,2,0
BRDA:216,18,0,0
BRDA:227,19,0,0
BRDA:227,19,1,0
BRDA:236,20,0,0
BRDA:240,21,0,0
BRDA:254,22,0,0
BRDA:254,22,1,0
BRDA:260,23,0,0
BRDA:260,23,1,0
BRDA:286,24,0,0
BRDA:286,24,1,0
BRDA:299,25,0,0
BRDA:299,25,1,0
BRF:41
BRH:0
end_of_record
